
*** Running vivado
    with args -log design_1_hdmi_in_0_2.vds -m64 -product Vivado -mode batch -messageDb vivado.pb -notrace -source design_1_hdmi_in_0_2.tcl


****** Vivado v2022.2 (64-bit)
  **** SW Build 3671981 on Fri Oct 14 04:59:54 MDT 2022
  **** IP Build 3669848 on Fri Oct 14 08:30:02 MDT 2022
    ** Copyright 1986-2022 Xilinx, Inc. All Rights Reserved.

source design_1_hdmi_in_0_2.tcl -notrace
INFO: [IP_Flow 19-234] Refreshing IP repositories
INFO: [IP_Flow 19-1700] Loaded user IP repository '/home/overcookedlobster/Documents/School/VLSI/Lainnya/local-maxima-zybo/Local_Maxima_Zybo.srcs/sources_1/imports/VLSI'.
INFO: [IP_Flow 19-1700] Loaded user IP repository '/home/overcookedlobster/Documents/School/VLSI/in_hdmi'.
INFO: [IP_Flow 19-1700] Loaded user IP repository '/home/overcookedlobster/Documents/School/VLSI/hdmi_out'.
INFO: [IP_Flow 19-1700] Loaded user IP repository '/home/overcookedlobster/Documents/School/VLSI/vivado-library-master'.
INFO: [IP_Flow 19-2313] Loaded Vivado IP repository '/tools/Xilinx/Vivado/2022.2/data/ip'.
INFO: [IP_Flow 19-6924] IPCACHE: Running cache check for IP inst: design_1_hdmi_in_0_2
Command: synth_design -top design_1_hdmi_in_0_2 -part xc7z020clg400-1 -incremental_mode off -mode out_of_context
Starting synth_design
Attempting to get a license for feature 'Synthesis' and/or device 'xc7z020'
INFO: [Common 17-349] Got license for feature 'Synthesis' and/or device 'xc7z020'
INFO: [Device 21-403] Loading part xc7z020clg400-1
INFO: [Synth 8-7079] Multithreading enabled for synth_design using a maximum of 4 processes.
INFO: [Synth 8-7078] Launching helper process for spawning children vivado processes
INFO: [Synth 8-7075] Helper process launched with PID 1754947
INFO: [Synth 8-11241] undeclared symbol 'REGCCE', assumed default net type 'wire' [/tools/Xilinx/Vivado/2022.2/data/verilog/src/unimacro/BRAM_SINGLE_MACRO.v:2170]
INFO: [Synth 8-11241] undeclared symbol 'rddata_rst_i', assumed default net type 'wire' [/home/overcookedlobster/Documents/School/VLSI/Local_Maxima_Pynq/Local_Maxima_Pynq.gen/sources_1/bd/design_1/ip/design_1_hdmi_in_0_2/src/dvi2rgb_0/src/ila_refclk/hdl/xsdbm_v3_0_vl_rfs.v:2188]
INFO: [Synth 8-11241] undeclared symbol 'datard_overflow', assumed default net type 'wire' [/home/overcookedlobster/Documents/School/VLSI/Local_Maxima_Pynq/Local_Maxima_Pynq.gen/sources_1/bd/design_1/ip/design_1_hdmi_in_0_2/src/dvi2rgb_0/src/ila_refclk/hdl/xsdbm_v3_0_vl_rfs.v:2235]
INFO: [Synth 8-11241] undeclared symbol 'datard_underflow', assumed default net type 'wire' [/home/overcookedlobster/Documents/School/VLSI/Local_Maxima_Pynq/Local_Maxima_Pynq.gen/sources_1/bd/design_1/ip/design_1_hdmi_in_0_2/src/dvi2rgb_0/src/ila_refclk/hdl/xsdbm_v3_0_vl_rfs.v:2236]
INFO: [Synth 8-11241] undeclared symbol 'tms_int', assumed default net type 'wire' [/home/overcookedlobster/Documents/School/VLSI/Local_Maxima_Pynq/Local_Maxima_Pynq.gen/sources_1/bd/design_1/ip/design_1_hdmi_in_0_2/src/dvi2rgb_0/src/ila_refclk/hdl/xsdbm_v3_0_vl_rfs.v:6379]
INFO: [Synth 8-11241] undeclared symbol 'runtest_int', assumed default net type 'wire' [/home/overcookedlobster/Documents/School/VLSI/Local_Maxima_Pynq/Local_Maxima_Pynq.gen/sources_1/bd/design_1/ip/design_1_hdmi_in_0_2/src/dvi2rgb_0/src/ila_refclk/hdl/xsdbm_v3_0_vl_rfs.v:6381]
INFO: [Synth 8-11241] undeclared symbol 'tms_int', assumed default net type 'wire' [/home/overcookedlobster/Documents/School/VLSI/Local_Maxima_Pynq/Local_Maxima_Pynq.gen/sources_1/bd/design_1/ip/design_1_hdmi_in_0_2/src/dvi2rgb_0/src/ila_refclk/hdl/xsdbm_v3_0_vl_rfs.v:6412]
INFO: [Synth 8-11241] undeclared symbol 'runtest_int', assumed default net type 'wire' [/home/overcookedlobster/Documents/School/VLSI/Local_Maxima_Pynq/Local_Maxima_Pynq.gen/sources_1/bd/design_1/ip/design_1_hdmi_in_0_2/src/dvi2rgb_0/src/ila_refclk/hdl/xsdbm_v3_0_vl_rfs.v:6414]
INFO: [Synth 8-11241] undeclared symbol 'tms_int', assumed default net type 'wire' [/home/overcookedlobster/Documents/School/VLSI/Local_Maxima_Pynq/Local_Maxima_Pynq.gen/sources_1/bd/design_1/ip/design_1_hdmi_in_0_2/src/dvi2rgb_0/src/ila_refclk/hdl/xsdbm_v3_0_vl_rfs.v:6447]
INFO: [Synth 8-11241] undeclared symbol 'runtest_int', assumed default net type 'wire' [/home/overcookedlobster/Documents/School/VLSI/Local_Maxima_Pynq/Local_Maxima_Pynq.gen/sources_1/bd/design_1/ip/design_1_hdmi_in_0_2/src/dvi2rgb_0/src/ila_refclk/hdl/xsdbm_v3_0_vl_rfs.v:6449]
INFO: [Synth 8-11241] undeclared symbol 'tms_int', assumed default net type 'wire' [/home/overcookedlobster/Documents/School/VLSI/Local_Maxima_Pynq/Local_Maxima_Pynq.gen/sources_1/bd/design_1/ip/design_1_hdmi_in_0_2/src/dvi2rgb_0/src/ila_refclk/hdl/verilog/xsdbm_v3_0_0_bs_core_ext.vh:30]
INFO: [Synth 8-11241] undeclared symbol 'runtest_int', assumed default net type 'wire' [/home/overcookedlobster/Documents/School/VLSI/Local_Maxima_Pynq/Local_Maxima_Pynq.gen/sources_1/bd/design_1/ip/design_1_hdmi_in_0_2/src/dvi2rgb_0/src/ila_refclk/hdl/verilog/xsdbm_v3_0_0_bs_core_ext.vh:32]
INFO: [Synth 8-11241] undeclared symbol 'tms_int', assumed default net type 'wire' [/home/overcookedlobster/Documents/School/VLSI/Local_Maxima_Pynq/Local_Maxima_Pynq.gen/sources_1/bd/design_1/ip/design_1_hdmi_in_0_2/src/dvi2rgb_0/src/ila_refclk/hdl/verilog/xsdbm_v3_0_0_bs_core_ext.vh:69]
INFO: [Synth 8-11241] undeclared symbol 'runtest_int', assumed default net type 'wire' [/home/overcookedlobster/Documents/School/VLSI/Local_Maxima_Pynq/Local_Maxima_Pynq.gen/sources_1/bd/design_1/ip/design_1_hdmi_in_0_2/src/dvi2rgb_0/src/ila_refclk/hdl/verilog/xsdbm_v3_0_0_bs_core_ext.vh:71]
INFO: [Synth 8-11241] undeclared symbol 'tms_int', assumed default net type 'wire' [/home/overcookedlobster/Documents/School/VLSI/Local_Maxima_Pynq/Local_Maxima_Pynq.gen/sources_1/bd/design_1/ip/design_1_hdmi_in_0_2/src/dvi2rgb_0/src/ila_refclk/hdl/verilog/xsdbm_v3_0_0_bs_core_ext.vh:109]
INFO: [Synth 8-11241] undeclared symbol 'runtest_int', assumed default net type 'wire' [/home/overcookedlobster/Documents/School/VLSI/Local_Maxima_Pynq/Local_Maxima_Pynq.gen/sources_1/bd/design_1/ip/design_1_hdmi_in_0_2/src/dvi2rgb_0/src/ila_refclk/hdl/verilog/xsdbm_v3_0_0_bs_core_ext.vh:111]
INFO: [Synth 8-11241] undeclared symbol 'tms_int', assumed default net type 'wire' [/home/overcookedlobster/Documents/School/VLSI/Local_Maxima_Pynq/Local_Maxima_Pynq.gen/sources_1/bd/design_1/ip/design_1_hdmi_in_0_2/src/dvi2rgb_0/src/ila_refclk/hdl/verilog/xsdbm_v3_0_0_bs_core_ext.vh:150]
INFO: [Synth 8-11241] undeclared symbol 'runtest_int', assumed default net type 'wire' [/home/overcookedlobster/Documents/School/VLSI/Local_Maxima_Pynq/Local_Maxima_Pynq.gen/sources_1/bd/design_1/ip/design_1_hdmi_in_0_2/src/dvi2rgb_0/src/ila_refclk/hdl/verilog/xsdbm_v3_0_0_bs_core_ext.vh:152]
INFO: [Synth 8-11241] undeclared symbol 'tms_int', assumed default net type 'wire' [/home/overcookedlobster/Documents/School/VLSI/Local_Maxima_Pynq/Local_Maxima_Pynq.gen/sources_1/bd/design_1/ip/design_1_hdmi_in_0_2/src/dvi2rgb_0/src/ila_refclk/hdl/verilog/xsdbm_v3_0_0_bs_core_ext.vh:192]
INFO: [Synth 8-11241] undeclared symbol 'runtest_int', assumed default net type 'wire' [/home/overcookedlobster/Documents/School/VLSI/Local_Maxima_Pynq/Local_Maxima_Pynq.gen/sources_1/bd/design_1/ip/design_1_hdmi_in_0_2/src/dvi2rgb_0/src/ila_refclk/hdl/verilog/xsdbm_v3_0_0_bs_core_ext.vh:194]
INFO: [Synth 8-11241] undeclared symbol 'tms_int', assumed default net type 'wire' [/home/overcookedlobster/Documents/School/VLSI/Local_Maxima_Pynq/Local_Maxima_Pynq.gen/sources_1/bd/design_1/ip/design_1_hdmi_in_0_2/src/dvi2rgb_0/src/ila_refclk/hdl/verilog/xsdbm_v3_0_0_bs_core_ext.vh:235]
INFO: [Synth 8-11241] undeclared symbol 'runtest_int', assumed default net type 'wire' [/home/overcookedlobster/Documents/School/VLSI/Local_Maxima_Pynq/Local_Maxima_Pynq.gen/sources_1/bd/design_1/ip/design_1_hdmi_in_0_2/src/dvi2rgb_0/src/ila_refclk/hdl/verilog/xsdbm_v3_0_0_bs_core_ext.vh:237]
INFO: [Synth 8-11241] undeclared symbol 'tms_int', assumed default net type 'wire' [/home/overcookedlobster/Documents/School/VLSI/Local_Maxima_Pynq/Local_Maxima_Pynq.gen/sources_1/bd/design_1/ip/design_1_hdmi_in_0_2/src/dvi2rgb_0/src/ila_refclk/hdl/verilog/xsdbm_v3_0_0_bs_core_ext.vh:279]
INFO: [Synth 8-11241] undeclared symbol 'runtest_int', assumed default net type 'wire' [/home/overcookedlobster/Documents/School/VLSI/Local_Maxima_Pynq/Local_Maxima_Pynq.gen/sources_1/bd/design_1/ip/design_1_hdmi_in_0_2/src/dvi2rgb_0/src/ila_refclk/hdl/verilog/xsdbm_v3_0_0_bs_core_ext.vh:281]
INFO: [Synth 8-11241] undeclared symbol 'tms_int', assumed default net type 'wire' [/home/overcookedlobster/Documents/School/VLSI/Local_Maxima_Pynq/Local_Maxima_Pynq.gen/sources_1/bd/design_1/ip/design_1_hdmi_in_0_2/src/dvi2rgb_0/src/ila_refclk/hdl/verilog/xsdbm_v3_0_0_bs_core_ext.vh:324]
INFO: [Synth 8-11241] undeclared symbol 'runtest_int', assumed default net type 'wire' [/home/overcookedlobster/Documents/School/VLSI/Local_Maxima_Pynq/Local_Maxima_Pynq.gen/sources_1/bd/design_1/ip/design_1_hdmi_in_0_2/src/dvi2rgb_0/src/ila_refclk/hdl/verilog/xsdbm_v3_0_0_bs_core_ext.vh:326]
INFO: [Synth 8-11241] undeclared symbol 'tms_int', assumed default net type 'wire' [/home/overcookedlobster/Documents/School/VLSI/Local_Maxima_Pynq/Local_Maxima_Pynq.gen/sources_1/bd/design_1/ip/design_1_hdmi_in_0_2/src/dvi2rgb_0/src/ila_refclk/hdl/verilog/xsdbm_v3_0_0_bs_core_ext.vh:370]
INFO: [Synth 8-11241] undeclared symbol 'runtest_int', assumed default net type 'wire' [/home/overcookedlobster/Documents/School/VLSI/Local_Maxima_Pynq/Local_Maxima_Pynq.gen/sources_1/bd/design_1/ip/design_1_hdmi_in_0_2/src/dvi2rgb_0/src/ila_refclk/hdl/verilog/xsdbm_v3_0_0_bs_core_ext.vh:372]
INFO: [Synth 8-11241] undeclared symbol 'tms_int', assumed default net type 'wire' [/home/overcookedlobster/Documents/School/VLSI/Local_Maxima_Pynq/Local_Maxima_Pynq.gen/sources_1/bd/design_1/ip/design_1_hdmi_in_0_2/src/dvi2rgb_0/src/ila_refclk/hdl/verilog/xsdbm_v3_0_0_bs_core_ext.vh:417]
INFO: [Synth 8-11241] undeclared symbol 'runtest_int', assumed default net type 'wire' [/home/overcookedlobster/Documents/School/VLSI/Local_Maxima_Pynq/Local_Maxima_Pynq.gen/sources_1/bd/design_1/ip/design_1_hdmi_in_0_2/src/dvi2rgb_0/src/ila_refclk/hdl/verilog/xsdbm_v3_0_0_bs_core_ext.vh:419]
INFO: [Synth 8-11241] undeclared symbol 'tms_int', assumed default net type 'wire' [/home/overcookedlobster/Documents/School/VLSI/Local_Maxima_Pynq/Local_Maxima_Pynq.gen/sources_1/bd/design_1/ip/design_1_hdmi_in_0_2/src/dvi2rgb_0/src/ila_refclk/hdl/verilog/xsdbm_v3_0_0_bs_core_ext.vh:465]
INFO: [Synth 8-11241] undeclared symbol 'runtest_int', assumed default net type 'wire' [/home/overcookedlobster/Documents/School/VLSI/Local_Maxima_Pynq/Local_Maxima_Pynq.gen/sources_1/bd/design_1/ip/design_1_hdmi_in_0_2/src/dvi2rgb_0/src/ila_refclk/hdl/verilog/xsdbm_v3_0_0_bs_core_ext.vh:467]
INFO: [Synth 8-11241] undeclared symbol 'tms_int', assumed default net type 'wire' [/home/overcookedlobster/Documents/School/VLSI/Local_Maxima_Pynq/Local_Maxima_Pynq.gen/sources_1/bd/design_1/ip/design_1_hdmi_in_0_2/src/dvi2rgb_0/src/ila_refclk/hdl/verilog/xsdbm_v3_0_0_bs_core_ext.vh:514]
INFO: [Synth 8-11241] undeclared symbol 'runtest_int', assumed default net type 'wire' [/home/overcookedlobster/Documents/School/VLSI/Local_Maxima_Pynq/Local_Maxima_Pynq.gen/sources_1/bd/design_1/ip/design_1_hdmi_in_0_2/src/dvi2rgb_0/src/ila_refclk/hdl/verilog/xsdbm_v3_0_0_bs_core_ext.vh:516]
INFO: [Synth 8-11241] undeclared symbol 'tms_int', assumed default net type 'wire' [/home/overcookedlobster/Documents/School/VLSI/Local_Maxima_Pynq/Local_Maxima_Pynq.gen/sources_1/bd/design_1/ip/design_1_hdmi_in_0_2/src/dvi2rgb_0/src/ila_refclk/hdl/verilog/xsdbm_v3_0_0_bs_core_ext.vh:564]
INFO: [Synth 8-11241] undeclared symbol 'runtest_int', assumed default net type 'wire' [/home/overcookedlobster/Documents/School/VLSI/Local_Maxima_Pynq/Local_Maxima_Pynq.gen/sources_1/bd/design_1/ip/design_1_hdmi_in_0_2/src/dvi2rgb_0/src/ila_refclk/hdl/verilog/xsdbm_v3_0_0_bs_core_ext.vh:566]
INFO: [Synth 8-11241] undeclared symbol 'tms_int', assumed default net type 'wire' [/home/overcookedlobster/Documents/School/VLSI/Local_Maxima_Pynq/Local_Maxima_Pynq.gen/sources_1/bd/design_1/ip/design_1_hdmi_in_0_2/src/dvi2rgb_0/src/ila_refclk/hdl/verilog/xsdbm_v3_0_0_bs_core_ext.vh:615]
INFO: [Synth 8-11241] undeclared symbol 'runtest_int', assumed default net type 'wire' [/home/overcookedlobster/Documents/School/VLSI/Local_Maxima_Pynq/Local_Maxima_Pynq.gen/sources_1/bd/design_1/ip/design_1_hdmi_in_0_2/src/dvi2rgb_0/src/ila_refclk/hdl/verilog/xsdbm_v3_0_0_bs_core_ext.vh:617]
INFO: [Synth 8-11241] undeclared symbol 'tms_int', assumed default net type 'wire' [/home/overcookedlobster/Documents/School/VLSI/Local_Maxima_Pynq/Local_Maxima_Pynq.gen/sources_1/bd/design_1/ip/design_1_hdmi_in_0_2/src/dvi2rgb_0/src/ila_refclk/hdl/xsdbm_v3_0_vl_rfs.v:6554]
INFO: [Synth 8-11241] undeclared symbol 'runtest_int', assumed default net type 'wire' [/home/overcookedlobster/Documents/School/VLSI/Local_Maxima_Pynq/Local_Maxima_Pynq.gen/sources_1/bd/design_1/ip/design_1_hdmi_in_0_2/src/dvi2rgb_0/src/ila_refclk/hdl/xsdbm_v3_0_vl_rfs.v:6556]
INFO: [Synth 8-11241] undeclared symbol 'tms_int', assumed default net type 'wire' [/home/overcookedlobster/Documents/School/VLSI/Local_Maxima_Pynq/Local_Maxima_Pynq.gen/sources_1/bd/design_1/ip/design_1_hdmi_in_0_2/src/dvi2rgb_0/src/ila_refclk/hdl/xsdbm_v3_0_vl_rfs.v:6589]
INFO: [Synth 8-11241] undeclared symbol 'runtest_int', assumed default net type 'wire' [/home/overcookedlobster/Documents/School/VLSI/Local_Maxima_Pynq/Local_Maxima_Pynq.gen/sources_1/bd/design_1/ip/design_1_hdmi_in_0_2/src/dvi2rgb_0/src/ila_refclk/hdl/xsdbm_v3_0_vl_rfs.v:6591]
INFO: [Synth 8-11241] undeclared symbol 'tms_int', assumed default net type 'wire' [/home/overcookedlobster/Documents/School/VLSI/Local_Maxima_Pynq/Local_Maxima_Pynq.gen/sources_1/bd/design_1/ip/design_1_hdmi_in_0_2/src/dvi2rgb_0/src/ila_refclk/hdl/verilog/xsdbm_v3_0_0_bs_core.vh:30]
INFO: [Synth 8-11241] undeclared symbol 'runtest_int', assumed default net type 'wire' [/home/overcookedlobster/Documents/School/VLSI/Local_Maxima_Pynq/Local_Maxima_Pynq.gen/sources_1/bd/design_1/ip/design_1_hdmi_in_0_2/src/dvi2rgb_0/src/ila_refclk/hdl/verilog/xsdbm_v3_0_0_bs_core.vh:32]
INFO: [Synth 8-11241] undeclared symbol 'tms_int', assumed default net type 'wire' [/home/overcookedlobster/Documents/School/VLSI/Local_Maxima_Pynq/Local_Maxima_Pynq.gen/sources_1/bd/design_1/ip/design_1_hdmi_in_0_2/src/dvi2rgb_0/src/ila_refclk/hdl/verilog/xsdbm_v3_0_0_bs_core.vh:69]
INFO: [Synth 8-11241] undeclared symbol 'runtest_int', assumed default net type 'wire' [/home/overcookedlobster/Documents/School/VLSI/Local_Maxima_Pynq/Local_Maxima_Pynq.gen/sources_1/bd/design_1/ip/design_1_hdmi_in_0_2/src/dvi2rgb_0/src/ila_refclk/hdl/verilog/xsdbm_v3_0_0_bs_core.vh:71]
INFO: [Synth 8-11241] undeclared symbol 'tms_int', assumed default net type 'wire' [/home/overcookedlobster/Documents/School/VLSI/Local_Maxima_Pynq/Local_Maxima_Pynq.gen/sources_1/bd/design_1/ip/design_1_hdmi_in_0_2/src/dvi2rgb_0/src/ila_refclk/hdl/verilog/xsdbm_v3_0_0_bs_core.vh:109]
INFO: [Synth 8-11241] undeclared symbol 'runtest_int', assumed default net type 'wire' [/home/overcookedlobster/Documents/School/VLSI/Local_Maxima_Pynq/Local_Maxima_Pynq.gen/sources_1/bd/design_1/ip/design_1_hdmi_in_0_2/src/dvi2rgb_0/src/ila_refclk/hdl/verilog/xsdbm_v3_0_0_bs_core.vh:111]
INFO: [Synth 8-11241] undeclared symbol 'tms_int', assumed default net type 'wire' [/home/overcookedlobster/Documents/School/VLSI/Local_Maxima_Pynq/Local_Maxima_Pynq.gen/sources_1/bd/design_1/ip/design_1_hdmi_in_0_2/src/dvi2rgb_0/src/ila_refclk/hdl/verilog/xsdbm_v3_0_0_bs_core.vh:150]
INFO: [Synth 8-11241] undeclared symbol 'runtest_int', assumed default net type 'wire' [/home/overcookedlobster/Documents/School/VLSI/Local_Maxima_Pynq/Local_Maxima_Pynq.gen/sources_1/bd/design_1/ip/design_1_hdmi_in_0_2/src/dvi2rgb_0/src/ila_refclk/hdl/verilog/xsdbm_v3_0_0_bs_core.vh:152]
INFO: [Synth 8-11241] undeclared symbol 'tms_int', assumed default net type 'wire' [/home/overcookedlobster/Documents/School/VLSI/Local_Maxima_Pynq/Local_Maxima_Pynq.gen/sources_1/bd/design_1/ip/design_1_hdmi_in_0_2/src/dvi2rgb_0/src/ila_refclk/hdl/verilog/xsdbm_v3_0_0_bs_core.vh:192]
INFO: [Synth 8-11241] undeclared symbol 'runtest_int', assumed default net type 'wire' [/home/overcookedlobster/Documents/School/VLSI/Local_Maxima_Pynq/Local_Maxima_Pynq.gen/sources_1/bd/design_1/ip/design_1_hdmi_in_0_2/src/dvi2rgb_0/src/ila_refclk/hdl/verilog/xsdbm_v3_0_0_bs_core.vh:194]
INFO: [Synth 8-11241] undeclared symbol 'tms_int', assumed default net type 'wire' [/home/overcookedlobster/Documents/School/VLSI/Local_Maxima_Pynq/Local_Maxima_Pynq.gen/sources_1/bd/design_1/ip/design_1_hdmi_in_0_2/src/dvi2rgb_0/src/ila_refclk/hdl/verilog/xsdbm_v3_0_0_bs_core.vh:235]
INFO: [Synth 8-11241] undeclared symbol 'runtest_int', assumed default net type 'wire' [/home/overcookedlobster/Documents/School/VLSI/Local_Maxima_Pynq/Local_Maxima_Pynq.gen/sources_1/bd/design_1/ip/design_1_hdmi_in_0_2/src/dvi2rgb_0/src/ila_refclk/hdl/verilog/xsdbm_v3_0_0_bs_core.vh:237]
INFO: [Synth 8-11241] undeclared symbol 'tms_int', assumed default net type 'wire' [/home/overcookedlobster/Documents/School/VLSI/Local_Maxima_Pynq/Local_Maxima_Pynq.gen/sources_1/bd/design_1/ip/design_1_hdmi_in_0_2/src/dvi2rgb_0/src/ila_refclk/hdl/verilog/xsdbm_v3_0_0_bs_core.vh:279]
INFO: [Synth 8-11241] undeclared symbol 'runtest_int', assumed default net type 'wire' [/home/overcookedlobster/Documents/School/VLSI/Local_Maxima_Pynq/Local_Maxima_Pynq.gen/sources_1/bd/design_1/ip/design_1_hdmi_in_0_2/src/dvi2rgb_0/src/ila_refclk/hdl/verilog/xsdbm_v3_0_0_bs_core.vh:281]
INFO: [Synth 8-11241] undeclared symbol 'tms_int', assumed default net type 'wire' [/home/overcookedlobster/Documents/School/VLSI/Local_Maxima_Pynq/Local_Maxima_Pynq.gen/sources_1/bd/design_1/ip/design_1_hdmi_in_0_2/src/dvi2rgb_0/src/ila_refclk/hdl/verilog/xsdbm_v3_0_0_bs_core.vh:324]
INFO: [Synth 8-11241] undeclared symbol 'runtest_int', assumed default net type 'wire' [/home/overcookedlobster/Documents/School/VLSI/Local_Maxima_Pynq/Local_Maxima_Pynq.gen/sources_1/bd/design_1/ip/design_1_hdmi_in_0_2/src/dvi2rgb_0/src/ila_refclk/hdl/verilog/xsdbm_v3_0_0_bs_core.vh:326]
INFO: [Synth 8-11241] undeclared symbol 'tms_int', assumed default net type 'wire' [/home/overcookedlobster/Documents/School/VLSI/Local_Maxima_Pynq/Local_Maxima_Pynq.gen/sources_1/bd/design_1/ip/design_1_hdmi_in_0_2/src/dvi2rgb_0/src/ila_refclk/hdl/verilog/xsdbm_v3_0_0_bs_core.vh:370]
INFO: [Synth 8-11241] undeclared symbol 'runtest_int', assumed default net type 'wire' [/home/overcookedlobster/Documents/School/VLSI/Local_Maxima_Pynq/Local_Maxima_Pynq.gen/sources_1/bd/design_1/ip/design_1_hdmi_in_0_2/src/dvi2rgb_0/src/ila_refclk/hdl/verilog/xsdbm_v3_0_0_bs_core.vh:372]
INFO: [Synth 8-11241] undeclared symbol 'tms_int', assumed default net type 'wire' [/home/overcookedlobster/Documents/School/VLSI/Local_Maxima_Pynq/Local_Maxima_Pynq.gen/sources_1/bd/design_1/ip/design_1_hdmi_in_0_2/src/dvi2rgb_0/src/ila_refclk/hdl/verilog/xsdbm_v3_0_0_bs_core.vh:417]
INFO: [Synth 8-11241] undeclared symbol 'runtest_int', assumed default net type 'wire' [/home/overcookedlobster/Documents/School/VLSI/Local_Maxima_Pynq/Local_Maxima_Pynq.gen/sources_1/bd/design_1/ip/design_1_hdmi_in_0_2/src/dvi2rgb_0/src/ila_refclk/hdl/verilog/xsdbm_v3_0_0_bs_core.vh:419]
INFO: [Synth 8-11241] undeclared symbol 'tms_int', assumed default net type 'wire' [/home/overcookedlobster/Documents/School/VLSI/Local_Maxima_Pynq/Local_Maxima_Pynq.gen/sources_1/bd/design_1/ip/design_1_hdmi_in_0_2/src/dvi2rgb_0/src/ila_refclk/hdl/verilog/xsdbm_v3_0_0_bs_core.vh:465]
INFO: [Synth 8-11241] undeclared symbol 'runtest_int', assumed default net type 'wire' [/home/overcookedlobster/Documents/School/VLSI/Local_Maxima_Pynq/Local_Maxima_Pynq.gen/sources_1/bd/design_1/ip/design_1_hdmi_in_0_2/src/dvi2rgb_0/src/ila_refclk/hdl/verilog/xsdbm_v3_0_0_bs_core.vh:467]
INFO: [Synth 8-11241] undeclared symbol 'tms_int', assumed default net type 'wire' [/home/overcookedlobster/Documents/School/VLSI/Local_Maxima_Pynq/Local_Maxima_Pynq.gen/sources_1/bd/design_1/ip/design_1_hdmi_in_0_2/src/dvi2rgb_0/src/ila_refclk/hdl/verilog/xsdbm_v3_0_0_bs_core.vh:514]
INFO: [Synth 8-11241] undeclared symbol 'runtest_int', assumed default net type 'wire' [/home/overcookedlobster/Documents/School/VLSI/Local_Maxima_Pynq/Local_Maxima_Pynq.gen/sources_1/bd/design_1/ip/design_1_hdmi_in_0_2/src/dvi2rgb_0/src/ila_refclk/hdl/verilog/xsdbm_v3_0_0_bs_core.vh:516]
INFO: [Synth 8-11241] undeclared symbol 'tms_int', assumed default net type 'wire' [/home/overcookedlobster/Documents/School/VLSI/Local_Maxima_Pynq/Local_Maxima_Pynq.gen/sources_1/bd/design_1/ip/design_1_hdmi_in_0_2/src/dvi2rgb_0/src/ila_refclk/hdl/verilog/xsdbm_v3_0_0_bs_core.vh:564]
INFO: [Synth 8-11241] undeclared symbol 'runtest_int', assumed default net type 'wire' [/home/overcookedlobster/Documents/School/VLSI/Local_Maxima_Pynq/Local_Maxima_Pynq.gen/sources_1/bd/design_1/ip/design_1_hdmi_in_0_2/src/dvi2rgb_0/src/ila_refclk/hdl/verilog/xsdbm_v3_0_0_bs_core.vh:566]
INFO: [Synth 8-11241] undeclared symbol 'tms_int', assumed default net type 'wire' [/home/overcookedlobster/Documents/School/VLSI/Local_Maxima_Pynq/Local_Maxima_Pynq.gen/sources_1/bd/design_1/ip/design_1_hdmi_in_0_2/src/dvi2rgb_0/src/ila_refclk/hdl/verilog/xsdbm_v3_0_0_bs_core.vh:615]
INFO: [Synth 8-11241] undeclared symbol 'runtest_int', assumed default net type 'wire' [/home/overcookedlobster/Documents/School/VLSI/Local_Maxima_Pynq/Local_Maxima_Pynq.gen/sources_1/bd/design_1/ip/design_1_hdmi_in_0_2/src/dvi2rgb_0/src/ila_refclk/hdl/verilog/xsdbm_v3_0_0_bs_core.vh:617]
INFO: [Synth 8-11241] undeclared symbol 'tms_int', assumed default net type 'wire' [/home/overcookedlobster/Documents/School/VLSI/Local_Maxima_Pynq/Local_Maxima_Pynq.gen/sources_1/bd/design_1/ip/design_1_hdmi_in_0_2/src/dvi2rgb_0/src/ila_refclk/hdl/xsdbm_v3_0_vl_rfs.v:10347]
INFO: [Synth 8-11241] undeclared symbol 'runtest_int', assumed default net type 'wire' [/home/overcookedlobster/Documents/School/VLSI/Local_Maxima_Pynq/Local_Maxima_Pynq.gen/sources_1/bd/design_1/ip/design_1_hdmi_in_0_2/src/dvi2rgb_0/src/ila_refclk/hdl/xsdbm_v3_0_vl_rfs.v:10349]
INFO: [Synth 8-11241] undeclared symbol 'tms_int', assumed default net type 'wire' [/home/overcookedlobster/Documents/School/VLSI/Local_Maxima_Pynq/Local_Maxima_Pynq.gen/sources_1/bd/design_1/ip/design_1_hdmi_in_0_2/src/dvi2rgb_0/src/ila_refclk/hdl/xsdbm_v3_0_vl_rfs.v:10380]
INFO: [Synth 8-11241] undeclared symbol 'runtest_int', assumed default net type 'wire' [/home/overcookedlobster/Documents/School/VLSI/Local_Maxima_Pynq/Local_Maxima_Pynq.gen/sources_1/bd/design_1/ip/design_1_hdmi_in_0_2/src/dvi2rgb_0/src/ila_refclk/hdl/xsdbm_v3_0_vl_rfs.v:10382]
INFO: [Synth 8-11241] undeclared symbol 'tms_int', assumed default net type 'wire' [/home/overcookedlobster/Documents/School/VLSI/Local_Maxima_Pynq/Local_Maxima_Pynq.gen/sources_1/bd/design_1/ip/design_1_hdmi_in_0_2/src/dvi2rgb_0/src/ila_refclk/hdl/xsdbm_v3_0_vl_rfs.v:10413]
INFO: [Synth 8-11241] undeclared symbol 'runtest_int', assumed default net type 'wire' [/home/overcookedlobster/Documents/School/VLSI/Local_Maxima_Pynq/Local_Maxima_Pynq.gen/sources_1/bd/design_1/ip/design_1_hdmi_in_0_2/src/dvi2rgb_0/src/ila_refclk/hdl/xsdbm_v3_0_vl_rfs.v:10415]
INFO: [Synth 8-11241] undeclared symbol 'tms_int', assumed default net type 'wire' [/home/overcookedlobster/Documents/School/VLSI/Local_Maxima_Pynq/Local_Maxima_Pynq.gen/sources_1/bd/design_1/ip/design_1_hdmi_in_0_2/src/dvi2rgb_0/src/ila_refclk/hdl/verilog/xsdbm_v3_0_0_bs_core_vec.vh:30]
INFO: [Synth 8-11241] undeclared symbol 'runtest_int', assumed default net type 'wire' [/home/overcookedlobster/Documents/School/VLSI/Local_Maxima_Pynq/Local_Maxima_Pynq.gen/sources_1/bd/design_1/ip/design_1_hdmi_in_0_2/src/dvi2rgb_0/src/ila_refclk/hdl/verilog/xsdbm_v3_0_0_bs_core_vec.vh:32]
INFO: [Synth 8-11241] undeclared symbol 'tms_int', assumed default net type 'wire' [/home/overcookedlobster/Documents/School/VLSI/Local_Maxima_Pynq/Local_Maxima_Pynq.gen/sources_1/bd/design_1/ip/design_1_hdmi_in_0_2/src/dvi2rgb_0/src/ila_refclk/hdl/verilog/xsdbm_v3_0_0_bs_core_vec.vh:65]
INFO: [Synth 8-11241] undeclared symbol 'runtest_int', assumed default net type 'wire' [/home/overcookedlobster/Documents/School/VLSI/Local_Maxima_Pynq/Local_Maxima_Pynq.gen/sources_1/bd/design_1/ip/design_1_hdmi_in_0_2/src/dvi2rgb_0/src/ila_refclk/hdl/verilog/xsdbm_v3_0_0_bs_core_vec.vh:67]
INFO: [Synth 8-11241] undeclared symbol 'tms_int', assumed default net type 'wire' [/home/overcookedlobster/Documents/School/VLSI/Local_Maxima_Pynq/Local_Maxima_Pynq.gen/sources_1/bd/design_1/ip/design_1_hdmi_in_0_2/src/dvi2rgb_0/src/ila_refclk/hdl/verilog/xsdbm_v3_0_0_bs_core_vec.vh:100]
INFO: [Synth 8-11241] undeclared symbol 'runtest_int', assumed default net type 'wire' [/home/overcookedlobster/Documents/School/VLSI/Local_Maxima_Pynq/Local_Maxima_Pynq.gen/sources_1/bd/design_1/ip/design_1_hdmi_in_0_2/src/dvi2rgb_0/src/ila_refclk/hdl/verilog/xsdbm_v3_0_0_bs_core_vec.vh:102]
INFO: [Synth 8-11241] undeclared symbol 'tms_int', assumed default net type 'wire' [/home/overcookedlobster/Documents/School/VLSI/Local_Maxima_Pynq/Local_Maxima_Pynq.gen/sources_1/bd/design_1/ip/design_1_hdmi_in_0_2/src/dvi2rgb_0/src/ila_refclk/hdl/verilog/xsdbm_v3_0_0_bs_core_vec.vh:135]
INFO: [Synth 8-11241] undeclared symbol 'runtest_int', assumed default net type 'wire' [/home/overcookedlobster/Documents/School/VLSI/Local_Maxima_Pynq/Local_Maxima_Pynq.gen/sources_1/bd/design_1/ip/design_1_hdmi_in_0_2/src/dvi2rgb_0/src/ila_refclk/hdl/verilog/xsdbm_v3_0_0_bs_core_vec.vh:137]
INFO: [Synth 8-11241] undeclared symbol 'tms_int', assumed default net type 'wire' [/home/overcookedlobster/Documents/School/VLSI/Local_Maxima_Pynq/Local_Maxima_Pynq.gen/sources_1/bd/design_1/ip/design_1_hdmi_in_0_2/src/dvi2rgb_0/src/ila_refclk/hdl/verilog/xsdbm_v3_0_0_bs_core_vec.vh:170]
INFO: [Synth 8-11241] undeclared symbol 'runtest_int', assumed default net type 'wire' [/home/overcookedlobster/Documents/School/VLSI/Local_Maxima_Pynq/Local_Maxima_Pynq.gen/sources_1/bd/design_1/ip/design_1_hdmi_in_0_2/src/dvi2rgb_0/src/ila_refclk/hdl/verilog/xsdbm_v3_0_0_bs_core_vec.vh:172]
INFO: [Synth 8-11241] undeclared symbol 'tms_int', assumed default net type 'wire' [/home/overcookedlobster/Documents/School/VLSI/Local_Maxima_Pynq/Local_Maxima_Pynq.gen/sources_1/bd/design_1/ip/design_1_hdmi_in_0_2/src/dvi2rgb_0/src/ila_refclk/hdl/verilog/xsdbm_v3_0_0_bs_core_vec.vh:205]
INFO: [Synth 8-11241] undeclared symbol 'runtest_int', assumed default net type 'wire' [/home/overcookedlobster/Documents/School/VLSI/Local_Maxima_Pynq/Local_Maxima_Pynq.gen/sources_1/bd/design_1/ip/design_1_hdmi_in_0_2/src/dvi2rgb_0/src/ila_refclk/hdl/verilog/xsdbm_v3_0_0_bs_core_vec.vh:207]
INFO: [Synth 8-11241] undeclared symbol 'tms_int', assumed default net type 'wire' [/home/overcookedlobster/Documents/School/VLSI/Local_Maxima_Pynq/Local_Maxima_Pynq.gen/sources_1/bd/design_1/ip/design_1_hdmi_in_0_2/src/dvi2rgb_0/src/ila_refclk/hdl/verilog/xsdbm_v3_0_0_bs_core_vec.vh:240]
INFO: [Synth 8-11241] undeclared symbol 'runtest_int', assumed default net type 'wire' [/home/overcookedlobster/Documents/School/VLSI/Local_Maxima_Pynq/Local_Maxima_Pynq.gen/sources_1/bd/design_1/ip/design_1_hdmi_in_0_2/src/dvi2rgb_0/src/ila_refclk/hdl/verilog/xsdbm_v3_0_0_bs_core_vec.vh:242]
INFO: [Synth 8-11241] undeclared symbol 'tms_int', assumed default net type 'wire' [/home/overcookedlobster/Documents/School/VLSI/Local_Maxima_Pynq/Local_Maxima_Pynq.gen/sources_1/bd/design_1/ip/design_1_hdmi_in_0_2/src/dvi2rgb_0/src/ila_refclk/hdl/verilog/xsdbm_v3_0_0_bs_core_vec.vh:275]
INFO: [Synth 8-11241] undeclared symbol 'runtest_int', assumed default net type 'wire' [/home/overcookedlobster/Documents/School/VLSI/Local_Maxima_Pynq/Local_Maxima_Pynq.gen/sources_1/bd/design_1/ip/design_1_hdmi_in_0_2/src/dvi2rgb_0/src/ila_refclk/hdl/verilog/xsdbm_v3_0_0_bs_core_vec.vh:277]
INFO: [Synth 8-11241] undeclared symbol 'tms_int', assumed default net type 'wire' [/home/overcookedlobster/Documents/School/VLSI/Local_Maxima_Pynq/Local_Maxima_Pynq.gen/sources_1/bd/design_1/ip/design_1_hdmi_in_0_2/src/dvi2rgb_0/src/ila_refclk/hdl/verilog/xsdbm_v3_0_0_bs_core_vec.vh:310]
INFO: [Synth 8-11241] undeclared symbol 'runtest_int', assumed default net type 'wire' [/home/overcookedlobster/Documents/School/VLSI/Local_Maxima_Pynq/Local_Maxima_Pynq.gen/sources_1/bd/design_1/ip/design_1_hdmi_in_0_2/src/dvi2rgb_0/src/ila_refclk/hdl/verilog/xsdbm_v3_0_0_bs_core_vec.vh:312]
INFO: [Synth 8-11241] undeclared symbol 'tms_int', assumed default net type 'wire' [/home/overcookedlobster/Documents/School/VLSI/Local_Maxima_Pynq/Local_Maxima_Pynq.gen/sources_1/bd/design_1/ip/design_1_hdmi_in_0_2/src/dvi2rgb_0/src/ila_refclk/hdl/verilog/xsdbm_v3_0_0_bs_core_vec.vh:345]
INFO: [Synth 8-11241] undeclared symbol 'runtest_int', assumed default net type 'wire' [/home/overcookedlobster/Documents/School/VLSI/Local_Maxima_Pynq/Local_Maxima_Pynq.gen/sources_1/bd/design_1/ip/design_1_hdmi_in_0_2/src/dvi2rgb_0/src/ila_refclk/hdl/verilog/xsdbm_v3_0_0_bs_core_vec.vh:347]
INFO: [Synth 8-11241] undeclared symbol 'tms_int', assumed default net type 'wire' [/home/overcookedlobster/Documents/School/VLSI/Local_Maxima_Pynq/Local_Maxima_Pynq.gen/sources_1/bd/design_1/ip/design_1_hdmi_in_0_2/src/dvi2rgb_0/src/ila_refclk/hdl/verilog/xsdbm_v3_0_0_bs_core_vec.vh:380]
INFO: [Synth 8-11241] undeclared symbol 'runtest_int', assumed default net type 'wire' [/home/overcookedlobster/Documents/School/VLSI/Local_Maxima_Pynq/Local_Maxima_Pynq.gen/sources_1/bd/design_1/ip/design_1_hdmi_in_0_2/src/dvi2rgb_0/src/ila_refclk/hdl/verilog/xsdbm_v3_0_0_bs_core_vec.vh:382]
INFO: [Synth 8-11241] undeclared symbol 'tms_int', assumed default net type 'wire' [/home/overcookedlobster/Documents/School/VLSI/Local_Maxima_Pynq/Local_Maxima_Pynq.gen/sources_1/bd/design_1/ip/design_1_hdmi_in_0_2/src/dvi2rgb_0/src/ila_refclk/hdl/verilog/xsdbm_v3_0_0_bs_core_vec.vh:415]
INFO: [Synth 8-11241] undeclared symbol 'runtest_int', assumed default net type 'wire' [/home/overcookedlobster/Documents/School/VLSI/Local_Maxima_Pynq/Local_Maxima_Pynq.gen/sources_1/bd/design_1/ip/design_1_hdmi_in_0_2/src/dvi2rgb_0/src/ila_refclk/hdl/verilog/xsdbm_v3_0_0_bs_core_vec.vh:417]
INFO: [Common 17-14] Message 'Synth 8-11241' appears 100 times and further instances of the messages will be disabled. Use the Tcl command set_msg_config to change the current settings.
WARNING: [Synth 8-10294] parameter declaration is not allowed here in this mode of Verilog [/home/overcookedlobster/Documents/School/VLSI/Local_Maxima_Pynq/Local_Maxima_Pynq.gen/sources_1/bd/design_1/ip/design_1_hdmi_in_0_2/src/dvi2rgb_0/src/ila_refclk/hdl/ila_v6_2_syn_rfs.v:4527]
WARNING: [Synth 8-10294] parameter declaration is not allowed here in this mode of Verilog [/home/overcookedlobster/Documents/School/VLSI/Local_Maxima_Pynq/Local_Maxima_Pynq.gen/sources_1/bd/design_1/ip/design_1_hdmi_in_0_2/src/dvi2rgb_0/src/ila_refclk/hdl/ila_v6_2_syn_rfs.v:4528]
WARNING: [Synth 8-10294] parameter declaration is not allowed here in this mode of Verilog [/home/overcookedlobster/Documents/School/VLSI/Local_Maxima_Pynq/Local_Maxima_Pynq.gen/sources_1/bd/design_1/ip/design_1_hdmi_in_0_2/src/dvi2rgb_0/src/ila_refclk/hdl/ila_v6_2_syn_rfs.v:4529]
WARNING: [Synth 8-10294] parameter declaration is not allowed here in this mode of Verilog [/home/overcookedlobster/Documents/School/VLSI/Local_Maxima_Pynq/Local_Maxima_Pynq.gen/sources_1/bd/design_1/ip/design_1_hdmi_in_0_2/src/dvi2rgb_0/src/ila_refclk/hdl/ila_v6_2_syn_rfs.v:4530]
WARNING: [Synth 8-10294] parameter declaration is not allowed here in this mode of Verilog [/home/overcookedlobster/Documents/School/VLSI/Local_Maxima_Pynq/Local_Maxima_Pynq.gen/sources_1/bd/design_1/ip/design_1_hdmi_in_0_2/src/dvi2rgb_0/src/ila_refclk/hdl/ila_v6_2_syn_rfs.v:4531]
WARNING: [Synth 8-10294] parameter declaration is not allowed here in this mode of Verilog [/home/overcookedlobster/Documents/School/VLSI/Local_Maxima_Pynq/Local_Maxima_Pynq.gen/sources_1/bd/design_1/ip/design_1_hdmi_in_0_2/src/dvi2rgb_0/src/ila_refclk/hdl/ila_v6_2_syn_rfs.v:4532]
WARNING: [Synth 8-10294] parameter declaration is not allowed here in this mode of Verilog [/home/overcookedlobster/Documents/School/VLSI/Local_Maxima_Pynq/Local_Maxima_Pynq.gen/sources_1/bd/design_1/ip/design_1_hdmi_in_0_2/src/dvi2rgb_0/src/ila_refclk/hdl/ila_v6_2_syn_rfs.v:4586]
WARNING: [Synth 8-10294] parameter declaration is not allowed here in this mode of Verilog [/home/overcookedlobster/Documents/School/VLSI/Local_Maxima_Pynq/Local_Maxima_Pynq.gen/sources_1/bd/design_1/ip/design_1_hdmi_in_0_2/src/dvi2rgb_0/src/ila_refclk/hdl/ila_v6_2_syn_rfs.v:4587]
WARNING: [Synth 8-10294] parameter declaration is not allowed here in this mode of Verilog [/home/overcookedlobster/Documents/School/VLSI/Local_Maxima_Pynq/Local_Maxima_Pynq.gen/sources_1/bd/design_1/ip/design_1_hdmi_in_0_2/src/dvi2rgb_0/src/ila_refclk/hdl/ila_v6_2_syn_rfs.v:4588]
WARNING: [Synth 8-10294] parameter declaration is not allowed here in this mode of Verilog [/home/overcookedlobster/Documents/School/VLSI/Local_Maxima_Pynq/Local_Maxima_Pynq.gen/sources_1/bd/design_1/ip/design_1_hdmi_in_0_2/src/dvi2rgb_0/src/ila_refclk/hdl/ila_v6_2_syn_rfs.v:5486]
WARNING: [Synth 8-10714] extra semicolon is not allowed here in this dialect; use SystemVerilog mode instead [/home/overcookedlobster/Documents/School/VLSI/Local_Maxima_Pynq/Local_Maxima_Pynq.gen/sources_1/bd/design_1/ipshared/dea3/src/counter_w_arrin.v:31]
---------------------------------------------------------------------------------
Starting RTL Elaboration : Time (s): cpu = 00:00:06 ; elapsed = 00:00:07 . Memory (MB): peak = 2021.504 ; gain = 378.801 ; free physical = 5819 ; free virtual = 47937
Synthesis current peak Physical Memory [PSS] (MB): peak = 1261.608; parent = 1127.343; children = 134.266
Synthesis current peak Virtual Memory [VSS] (MB): peak = 3072.770; parent = 2044.320; children = 1028.449
---------------------------------------------------------------------------------
WARNING: [Synth 8-9112] actual for formal port 'arst' is neither a static name nor a globally static expression [/home/overcookedlobster/Documents/School/VLSI/Local_Maxima_Pynq/Local_Maxima_Pynq.gen/sources_1/bd/design_1/ip/design_1_hdmi_in_0_2/src/dvi2rgb_0/src/TMDS_Clocking.vhd:135]
WARNING: [Synth 8-9112] actual for formal port 'arst' is neither a static name nor a globally static expression [/home/overcookedlobster/Documents/School/VLSI/Local_Maxima_Pynq/Local_Maxima_Pynq.gen/sources_1/bd/design_1/ip/design_1_hdmi_in_0_2/src/dvi2rgb_0/src/dvi2rgb.vhd:212]
WARNING: [Synth 8-9112] actual for formal port 'potherchrdy' is neither a static name nor a globally static expression [/home/overcookedlobster/Documents/School/VLSI/Local_Maxima_Pynq/Local_Maxima_Pynq.gen/sources_1/bd/design_1/ip/design_1_hdmi_in_0_2/src/dvi2rgb_0/src/dvi2rgb.vhd:244]
WARNING: [Synth 8-9112] actual for formal port 'potherchvld' is neither a static name nor a globally static expression [/home/overcookedlobster/Documents/School/VLSI/Local_Maxima_Pynq/Local_Maxima_Pynq.gen/sources_1/bd/design_1/ip/design_1_hdmi_in_0_2/src/dvi2rgb_0/src/dvi2rgb.vhd:245]
INFO: [Synth 8-6157] synthesizing module 'design_1_hdmi_in_0_2' [/home/overcookedlobster/Documents/School/VLSI/Local_Maxima_Pynq/Local_Maxima_Pynq.gen/sources_1/bd/design_1/ip/design_1_hdmi_in_0_2/synth/design_1_hdmi_in_0_2.v:53]
INFO: [Synth 8-6157] synthesizing module 'hdmi_in' [/home/overcookedlobster/Documents/School/VLSI/Local_Maxima_Pynq/Local_Maxima_Pynq.gen/sources_1/bd/design_1/ipshared/dea3/src/hdmi_in.v:23]
INFO: [Synth 8-638] synthesizing module 'dvi2rgb_0' [/home/overcookedlobster/Documents/School/VLSI/Local_Maxima_Pynq/Local_Maxima_Pynq.gen/sources_1/bd/design_1/ip/design_1_hdmi_in_0_2/src/dvi2rgb_0/synth/dvi2rgb_0.vhd:75]
	Parameter kEmulateDDC bound to: 0 - type: bool 
	Parameter kRstActiveHigh bound to: 0 - type: bool 
	Parameter kClkRange bound to: 3 - type: integer 
	Parameter kIDLY_TapValuePs bound to: 78 - type: integer 
	Parameter kIDLY_TapWidth bound to: 5 - type: integer 
	Parameter kAddBUFG bound to: 1 - type: bool 
	Parameter kEdidFileName bound to: dgl_720p_cea.data - type: string 
	Parameter kDebug bound to: 0 - type: bool 
INFO: [Synth 8-3491] module 'dvi2rgb' declared at '/home/overcookedlobster/Documents/School/VLSI/Local_Maxima_Pynq/Local_Maxima_Pynq.gen/sources_1/bd/design_1/ip/design_1_hdmi_in_0_2/src/dvi2rgb_0/src/dvi2rgb.vhd:64' bound to instance 'U0' of component 'dvi2rgb' [/home/overcookedlobster/Documents/School/VLSI/Local_Maxima_Pynq/Local_Maxima_Pynq.gen/sources_1/bd/design_1/ip/design_1_hdmi_in_0_2/src/dvi2rgb_0/synth/dvi2rgb_0.vhd:140]
INFO: [Synth 8-638] synthesizing module 'dvi2rgb' [/home/overcookedlobster/Documents/School/VLSI/Local_Maxima_Pynq/Local_Maxima_Pynq.gen/sources_1/bd/design_1/ip/design_1_hdmi_in_0_2/src/dvi2rgb_0/src/dvi2rgb.vhd:112]
INFO: [Synth 8-638] synthesizing module 'TMDS_Clocking' [/home/overcookedlobster/Documents/School/VLSI/Local_Maxima_Pynq/Local_Maxima_Pynq.gen/sources_1/bd/design_1/ip/design_1_hdmi_in_0_2/src/dvi2rgb_0/src/TMDS_Clocking.vhd:82]
INFO: [Synth 8-638] synthesizing module 'ResetBridge' [/home/overcookedlobster/Documents/School/VLSI/Local_Maxima_Pynq/Local_Maxima_Pynq.gen/sources_1/bd/design_1/ip/design_1_hdmi_in_0_2/src/dvi2rgb_0/src/SyncAsyncReset.vhd:72]
INFO: [Synth 8-638] synthesizing module 'SyncAsync' [/home/overcookedlobster/Documents/School/VLSI/Local_Maxima_Pynq/Local_Maxima_Pynq.gen/sources_1/bd/design_1/ip/design_1_hdmi_in_0_2/src/dvi2rgb_0/src/SyncAsync.vhd:72]
INFO: [Synth 8-256] done synthesizing module 'SyncAsync' (0#1) [/home/overcookedlobster/Documents/School/VLSI/Local_Maxima_Pynq/Local_Maxima_Pynq.gen/sources_1/bd/design_1/ip/design_1_hdmi_in_0_2/src/dvi2rgb_0/src/SyncAsync.vhd:72]
INFO: [Synth 8-256] done synthesizing module 'ResetBridge' (0#1) [/home/overcookedlobster/Documents/School/VLSI/Local_Maxima_Pynq/Local_Maxima_Pynq.gen/sources_1/bd/design_1/ip/design_1_hdmi_in_0_2/src/dvi2rgb_0/src/SyncAsyncReset.vhd:72]
INFO: [Synth 8-113] binding component instance 'IDelayCtrlX' to cell 'IDELAYCTRL' [/home/overcookedlobster/Documents/School/VLSI/Local_Maxima_Pynq/Local_Maxima_Pynq.gen/sources_1/bd/design_1/ip/design_1_hdmi_in_0_2/src/dvi2rgb_0/src/TMDS_Clocking.vhd:125]
	Parameter DIFF_TERM bound to: 0 - type: bool 
	Parameter IBUF_LOW_PWR bound to: 1 - type: bool 
	Parameter IOSTANDARD bound to: TMDS_33 - type: string 
INFO: [Synth 8-113] binding component instance 'InputBuffer' to cell 'IBUFDS' [/home/overcookedlobster/Documents/School/VLSI/Local_Maxima_Pynq/Local_Maxima_Pynq.gen/sources_1/bd/design_1/ip/design_1_hdmi_in_0_2/src/dvi2rgb_0/src/TMDS_Clocking.vhd:139]
	Parameter BANDWIDTH bound to: OPTIMIZED - type: string 
	Parameter CLKFBOUT_MULT_F bound to: 15.000000 - type: double 
	Parameter CLKFBOUT_PHASE bound to: 0.000000 - type: double 
	Parameter CLKFBOUT_USE_FINE_PS bound to: 0 - type: bool 
	Parameter CLKIN1_PERIOD bound to: 18.000000 - type: double 
	Parameter CLKOUT0_DIVIDE_F bound to: 3.000000 - type: double 
	Parameter CLKOUT0_DUTY_CYCLE bound to: 0.500000 - type: double 
	Parameter CLKOUT0_PHASE bound to: 0.000000 - type: double 
	Parameter CLKOUT0_USE_FINE_PS bound to: 0 - type: bool 
	Parameter CLKOUT4_CASCADE bound to: 0 - type: bool 
	Parameter COMPENSATION bound to: ZHOLD - type: string 
	Parameter DIVCLK_DIVIDE bound to: 1 - type: integer 
	Parameter REF_JITTER1 bound to: 0.010000 - type: double 
	Parameter STARTUP_WAIT bound to: 0 - type: bool 
INFO: [Synth 8-113] binding component instance 'DVI_ClkGenerator' to cell 'MMCME2_ADV' [/home/overcookedlobster/Documents/School/VLSI/Local_Maxima_Pynq/Local_Maxima_Pynq.gen/sources_1/bd/design_1/ip/design_1_hdmi_in_0_2/src/dvi2rgb_0/src/TMDS_Clocking.vhd:180]
INFO: [Synth 8-113] binding component instance 'SerialClkBuffer' to cell 'BUFIO' [/home/overcookedlobster/Documents/School/VLSI/Local_Maxima_Pynq/Local_Maxima_Pynq.gen/sources_1/bd/design_1/ip/design_1_hdmi_in_0_2/src/dvi2rgb_0/src/TMDS_Clocking.vhd:239]
	Parameter BUFR_DIVIDE bound to: 5 - type: string 
	Parameter SIM_DEVICE bound to: 7SERIES - type: string 
INFO: [Synth 8-113] binding component instance 'PixelClkBuffer' to cell 'BUFR' [/home/overcookedlobster/Documents/School/VLSI/Local_Maxima_Pynq/Local_Maxima_Pynq.gen/sources_1/bd/design_1/ip/design_1_hdmi_in_0_2/src/dvi2rgb_0/src/TMDS_Clocking.vhd:245]
INFO: [Synth 8-638] synthesizing module 'SyncAsync__parameterized0' [/home/overcookedlobster/Documents/School/VLSI/Local_Maxima_Pynq/Local_Maxima_Pynq.gen/sources_1/bd/design_1/ip/design_1_hdmi_in_0_2/src/dvi2rgb_0/src/SyncAsync.vhd:72]
INFO: [Synth 8-256] done synthesizing module 'SyncAsync__parameterized0' (0#1) [/home/overcookedlobster/Documents/School/VLSI/Local_Maxima_Pynq/Local_Maxima_Pynq.gen/sources_1/bd/design_1/ip/design_1_hdmi_in_0_2/src/dvi2rgb_0/src/SyncAsync.vhd:72]
INFO: [Synth 8-256] done synthesizing module 'TMDS_Clocking' (0#1) [/home/overcookedlobster/Documents/School/VLSI/Local_Maxima_Pynq/Local_Maxima_Pynq.gen/sources_1/bd/design_1/ip/design_1_hdmi_in_0_2/src/dvi2rgb_0/src/TMDS_Clocking.vhd:82]
INFO: [Synth 8-638] synthesizing module 'ResetBridge__parameterized0' [/home/overcookedlobster/Documents/School/VLSI/Local_Maxima_Pynq/Local_Maxima_Pynq.gen/sources_1/bd/design_1/ip/design_1_hdmi_in_0_2/src/dvi2rgb_0/src/SyncAsyncReset.vhd:72]
INFO: [Synth 8-638] synthesizing module 'SyncAsync__parameterized1' [/home/overcookedlobster/Documents/School/VLSI/Local_Maxima_Pynq/Local_Maxima_Pynq.gen/sources_1/bd/design_1/ip/design_1_hdmi_in_0_2/src/dvi2rgb_0/src/SyncAsync.vhd:72]
INFO: [Synth 8-256] done synthesizing module 'SyncAsync__parameterized1' (0#1) [/home/overcookedlobster/Documents/School/VLSI/Local_Maxima_Pynq/Local_Maxima_Pynq.gen/sources_1/bd/design_1/ip/design_1_hdmi_in_0_2/src/dvi2rgb_0/src/SyncAsync.vhd:72]
INFO: [Synth 8-256] done synthesizing module 'ResetBridge__parameterized0' (0#1) [/home/overcookedlobster/Documents/School/VLSI/Local_Maxima_Pynq/Local_Maxima_Pynq.gen/sources_1/bd/design_1/ip/design_1_hdmi_in_0_2/src/dvi2rgb_0/src/SyncAsyncReset.vhd:72]
INFO: [Synth 8-638] synthesizing module 'TMDS_Decoder' [/home/overcookedlobster/Documents/School/VLSI/Local_Maxima_Pynq/Local_Maxima_Pynq.gen/sources_1/bd/design_1/ip/design_1_hdmi_in_0_2/src/dvi2rgb_0/src/TMDS_Decoder.vhd:98]
INFO: [Synth 8-638] synthesizing module 'InputSERDES' [/home/overcookedlobster/Documents/School/VLSI/Local_Maxima_Pynq/Local_Maxima_Pynq.gen/sources_1/bd/design_1/ip/design_1_hdmi_in_0_2/src/dvi2rgb_0/src/InputSERDES.vhd:85]
	Parameter DIFF_TERM bound to: 0 - type: bool 
	Parameter IOSTANDARD bound to: TMDS_33 - type: string 
INFO: [Synth 8-113] binding component instance 'InputBuffer' to cell 'IBUFDS' [/home/overcookedlobster/Documents/School/VLSI/Local_Maxima_Pynq/Local_Maxima_Pynq.gen/sources_1/bd/design_1/ip/design_1_hdmi_in_0_2/src/dvi2rgb_0/src/InputSERDES.vhd:92]
	Parameter CINVCTRL_SEL bound to: FALSE - type: string 
	Parameter DELAY_SRC bound to: IDATAIN - type: string 
	Parameter HIGH_PERFORMANCE_MODE bound to: TRUE - type: string 
	Parameter IDELAY_TYPE bound to: VARIABLE - type: string 
	Parameter IDELAY_VALUE bound to: 0 - type: integer 
	Parameter PIPE_SEL bound to: FALSE - type: string 
	Parameter REFCLK_FREQUENCY bound to: 200.000000 - type: double 
	Parameter SIGNAL_PATTERN bound to: DATA - type: string 
INFO: [Synth 8-113] binding component instance 'InputDelay' to cell 'IDELAYE2' [/home/overcookedlobster/Documents/School/VLSI/Local_Maxima_Pynq/Local_Maxima_Pynq.gen/sources_1/bd/design_1/ip/design_1_hdmi_in_0_2/src/dvi2rgb_0/src/InputSERDES.vhd:102]
	Parameter DATA_RATE bound to: DDR - type: string 
	Parameter DATA_WIDTH bound to: 10 - type: integer 
	Parameter DYN_CLKDIV_INV_EN bound to: FALSE - type: string 
	Parameter DYN_CLK_INV_EN bound to: FALSE - type: string 
	Parameter INTERFACE_TYPE bound to: NETWORKING - type: string 
	Parameter IOBDELAY bound to: IFD - type: string 
	Parameter NUM_CE bound to: 2 - type: integer 
	Parameter OFB_USED bound to: FALSE - type: string 
	Parameter SERDES_MODE bound to: MASTER - type: string 
INFO: [Synth 8-113] binding component instance 'DeserializerMaster' to cell 'ISERDESE2' [/home/overcookedlobster/Documents/School/VLSI/Local_Maxima_Pynq/Local_Maxima_Pynq.gen/sources_1/bd/design_1/ip/design_1_hdmi_in_0_2/src/dvi2rgb_0/src/InputSERDES.vhd:130]
	Parameter DATA_RATE bound to: DDR - type: string 
	Parameter DATA_WIDTH bound to: 10 - type: integer 
	Parameter DYN_CLKDIV_INV_EN bound to: FALSE - type: string 
	Parameter DYN_CLK_INV_EN bound to: FALSE - type: string 
	Parameter INTERFACE_TYPE bound to: NETWORKING - type: string 
	Parameter IOBDELAY bound to: IFD - type: string 
	Parameter NUM_CE bound to: 2 - type: integer 
	Parameter OFB_USED bound to: FALSE - type: string 
	Parameter SERDES_MODE bound to: SLAVE - type: string 
INFO: [Synth 8-113] binding component instance 'DeserializerSlave' to cell 'ISERDESE2' [/home/overcookedlobster/Documents/School/VLSI/Local_Maxima_Pynq/Local_Maxima_Pynq.gen/sources_1/bd/design_1/ip/design_1_hdmi_in_0_2/src/dvi2rgb_0/src/InputSERDES.vhd:172]
INFO: [Synth 8-256] done synthesizing module 'InputSERDES' (0#1) [/home/overcookedlobster/Documents/School/VLSI/Local_Maxima_Pynq/Local_Maxima_Pynq.gen/sources_1/bd/design_1/ip/design_1_hdmi_in_0_2/src/dvi2rgb_0/src/InputSERDES.vhd:85]
INFO: [Synth 8-638] synthesizing module 'SyncBase' [/home/overcookedlobster/Documents/School/VLSI/Local_Maxima_Pynq/Local_Maxima_Pynq.gen/sources_1/bd/design_1/ip/design_1_hdmi_in_0_2/src/dvi2rgb_0/src/SyncBase.vhd:74]
INFO: [Synth 8-256] done synthesizing module 'SyncBase' (0#1) [/home/overcookedlobster/Documents/School/VLSI/Local_Maxima_Pynq/Local_Maxima_Pynq.gen/sources_1/bd/design_1/ip/design_1_hdmi_in_0_2/src/dvi2rgb_0/src/SyncBase.vhd:74]
INFO: [Synth 8-638] synthesizing module 'SyncBase__parameterized0' [/home/overcookedlobster/Documents/School/VLSI/Local_Maxima_Pynq/Local_Maxima_Pynq.gen/sources_1/bd/design_1/ip/design_1_hdmi_in_0_2/src/dvi2rgb_0/src/SyncBase.vhd:74]
INFO: [Synth 8-256] done synthesizing module 'SyncBase__parameterized0' (0#1) [/home/overcookedlobster/Documents/School/VLSI/Local_Maxima_Pynq/Local_Maxima_Pynq.gen/sources_1/bd/design_1/ip/design_1_hdmi_in_0_2/src/dvi2rgb_0/src/SyncBase.vhd:74]
INFO: [Synth 8-638] synthesizing module 'PhaseAlign' [/home/overcookedlobster/Documents/School/VLSI/Local_Maxima_Pynq/Local_Maxima_Pynq.gen/sources_1/bd/design_1/ip/design_1_hdmi_in_0_2/src/dvi2rgb_0/src/PhaseAlign.vhd:95]
INFO: [Synth 8-256] done synthesizing module 'PhaseAlign' (0#1) [/home/overcookedlobster/Documents/School/VLSI/Local_Maxima_Pynq/Local_Maxima_Pynq.gen/sources_1/bd/design_1/ip/design_1_hdmi_in_0_2/src/dvi2rgb_0/src/PhaseAlign.vhd:95]
INFO: [Synth 8-638] synthesizing module 'ChannelBond' [/home/overcookedlobster/Documents/School/VLSI/Local_Maxima_Pynq/Local_Maxima_Pynq.gen/sources_1/bd/design_1/ip/design_1_hdmi_in_0_2/src/dvi2rgb_0/src/ChannelBond.vhd:74]
INFO: [Synth 8-256] done synthesizing module 'ChannelBond' (0#1) [/home/overcookedlobster/Documents/School/VLSI/Local_Maxima_Pynq/Local_Maxima_Pynq.gen/sources_1/bd/design_1/ip/design_1_hdmi_in_0_2/src/dvi2rgb_0/src/ChannelBond.vhd:74]
INFO: [Synth 8-256] done synthesizing module 'TMDS_Decoder' (0#1) [/home/overcookedlobster/Documents/School/VLSI/Local_Maxima_Pynq/Local_Maxima_Pynq.gen/sources_1/bd/design_1/ip/design_1_hdmi_in_0_2/src/dvi2rgb_0/src/TMDS_Decoder.vhd:98]
INFO: [Synth 8-638] synthesizing module 'ResyncToBUFG' [/home/overcookedlobster/Documents/School/VLSI/Local_Maxima_Pynq/Local_Maxima_Pynq.gen/sources_1/bd/design_1/ip/design_1_hdmi_in_0_2/src/dvi2rgb_0/src/ResyncToBUFG.vhd:78]
INFO: [Synth 8-113] binding component instance 'InstBUFG' to cell 'BUFG' [/home/overcookedlobster/Documents/School/VLSI/Local_Maxima_Pynq/Local_Maxima_Pynq.gen/sources_1/bd/design_1/ip/design_1_hdmi_in_0_2/src/dvi2rgb_0/src/ResyncToBUFG.vhd:84]
INFO: [Synth 8-256] done synthesizing module 'ResyncToBUFG' (0#1) [/home/overcookedlobster/Documents/School/VLSI/Local_Maxima_Pynq/Local_Maxima_Pynq.gen/sources_1/bd/design_1/ip/design_1_hdmi_in_0_2/src/dvi2rgb_0/src/ResyncToBUFG.vhd:78]
INFO: [Synth 8-256] done synthesizing module 'dvi2rgb' (0#1) [/home/overcookedlobster/Documents/School/VLSI/Local_Maxima_Pynq/Local_Maxima_Pynq.gen/sources_1/bd/design_1/ip/design_1_hdmi_in_0_2/src/dvi2rgb_0/src/dvi2rgb.vhd:112]
INFO: [Synth 8-256] done synthesizing module 'dvi2rgb_0' (0#1) [/home/overcookedlobster/Documents/School/VLSI/Local_Maxima_Pynq/Local_Maxima_Pynq.gen/sources_1/bd/design_1/ip/design_1_hdmi_in_0_2/src/dvi2rgb_0/synth/dvi2rgb_0.vhd:75]
WARNING: [Synth 8-7071] port 'aPixelClkLckd' of module 'dvi2rgb_0' is unconnected for instance 'dvi2rgb_0_0' [/home/overcookedlobster/Documents/School/VLSI/Local_Maxima_Pynq/Local_Maxima_Pynq.gen/sources_1/bd/design_1/ipshared/dea3/src/hdmi_in.v:75]
WARNING: [Synth 8-7023] instance 'dvi2rgb_0_0' of module 'dvi2rgb_0' has 14 connections declared, but only 13 given [/home/overcookedlobster/Documents/School/VLSI/Local_Maxima_Pynq/Local_Maxima_Pynq.gen/sources_1/bd/design_1/ipshared/dea3/src/hdmi_in.v:75]
INFO: [Synth 8-6157] synthesizing module 'rgb2gs' [/home/overcookedlobster/Documents/School/VLSI/Local_Maxima_Pynq/Local_Maxima_Pynq.gen/sources_1/bd/design_1/ipshared/dea3/src/rgb2gs.v:23]
INFO: [Synth 8-6155] done synthesizing module 'rgb2gs' (0#1) [/home/overcookedlobster/Documents/School/VLSI/Local_Maxima_Pynq/Local_Maxima_Pynq.gen/sources_1/bd/design_1/ipshared/dea3/src/rgb2gs.v:23]
INFO: [Synth 8-6157] synthesizing module 'counter_w_arrin' [/home/overcookedlobster/Documents/School/VLSI/Local_Maxima_Pynq/Local_Maxima_Pynq.gen/sources_1/bd/design_1/ipshared/dea3/src/counter_w_arrin.v:23]
INFO: [Synth 8-6155] done synthesizing module 'counter_w_arrin' (0#1) [/home/overcookedlobster/Documents/School/VLSI/Local_Maxima_Pynq/Local_Maxima_Pynq.gen/sources_1/bd/design_1/ipshared/dea3/src/counter_w_arrin.v:23]
INFO: [Synth 8-6157] synthesizing module 'shift_register_arrin' [/home/overcookedlobster/Documents/School/VLSI/Local_Maxima_Pynq/Local_Maxima_Pynq.gen/sources_1/bd/design_1/ipshared/dea3/src/shift_register_arrin.v:23]
INFO: [Synth 8-6155] done synthesizing module 'shift_register_arrin' (0#1) [/home/overcookedlobster/Documents/School/VLSI/Local_Maxima_Pynq/Local_Maxima_Pynq.gen/sources_1/bd/design_1/ipshared/dea3/src/shift_register_arrin.v:23]
INFO: [Synth 8-6155] done synthesizing module 'hdmi_in' (0#1) [/home/overcookedlobster/Documents/School/VLSI/Local_Maxima_Pynq/Local_Maxima_Pynq.gen/sources_1/bd/design_1/ipshared/dea3/src/hdmi_in.v:23]
INFO: [Synth 8-6155] done synthesizing module 'design_1_hdmi_in_0_2' (0#1) [/home/overcookedlobster/Documents/School/VLSI/Local_Maxima_Pynq/Local_Maxima_Pynq.gen/sources_1/bd/design_1/ip/design_1_hdmi_in_0_2/synth/design_1_hdmi_in_0_2.v:53]
WARNING: [Synth 8-6014] Unused sequential element pTkn0FlagQ_reg was removed.  [/home/overcookedlobster/Documents/School/VLSI/Local_Maxima_Pynq/Local_Maxima_Pynq.gen/sources_1/bd/design_1/ip/design_1_hdmi_in_0_2/src/dvi2rgb_0/src/PhaseAlign.vhd:172]
WARNING: [Synth 8-6014] Unused sequential element pTkn1FlagQ_reg was removed.  [/home/overcookedlobster/Documents/School/VLSI/Local_Maxima_Pynq/Local_Maxima_Pynq.gen/sources_1/bd/design_1/ip/design_1_hdmi_in_0_2/src/dvi2rgb_0/src/PhaseAlign.vhd:173]
WARNING: [Synth 8-6014] Unused sequential element pTkn2FlagQ_reg was removed.  [/home/overcookedlobster/Documents/School/VLSI/Local_Maxima_Pynq/Local_Maxima_Pynq.gen/sources_1/bd/design_1/ip/design_1_hdmi_in_0_2/src/dvi2rgb_0/src/PhaseAlign.vhd:174]
WARNING: [Synth 8-6014] Unused sequential element pTkn3FlagQ_reg was removed.  [/home/overcookedlobster/Documents/School/VLSI/Local_Maxima_Pynq/Local_Maxima_Pynq.gen/sources_1/bd/design_1/ip/design_1_hdmi_in_0_2/src/dvi2rgb_0/src/PhaseAlign.vhd:175]
WARNING: [Synth 8-6014] Unused sequential element pDelayFastOvf_reg was removed.  [/home/overcookedlobster/Documents/School/VLSI/Local_Maxima_Pynq/Local_Maxima_Pynq.gen/sources_1/bd/design_1/ip/design_1_hdmi_in_0_2/src/dvi2rgb_0/src/PhaseAlign.vhd:209]
WARNING: [Synth 8-3848] Net SDA_O in module/entity dvi2rgb does not have driver. [/home/overcookedlobster/Documents/School/VLSI/Local_Maxima_Pynq/Local_Maxima_Pynq.gen/sources_1/bd/design_1/ip/design_1_hdmi_in_0_2/src/dvi2rgb_0/src/dvi2rgb.vhd:101]
WARNING: [Synth 8-3848] Net SDA_T in module/entity dvi2rgb does not have driver. [/home/overcookedlobster/Documents/School/VLSI/Local_Maxima_Pynq/Local_Maxima_Pynq.gen/sources_1/bd/design_1/ip/design_1_hdmi_in_0_2/src/dvi2rgb_0/src/dvi2rgb.vhd:102]
WARNING: [Synth 8-3848] Net SCL_O in module/entity dvi2rgb does not have driver. [/home/overcookedlobster/Documents/School/VLSI/Local_Maxima_Pynq/Local_Maxima_Pynq.gen/sources_1/bd/design_1/ip/design_1_hdmi_in_0_2/src/dvi2rgb_0/src/dvi2rgb.vhd:104]
WARNING: [Synth 8-3848] Net SCL_T in module/entity dvi2rgb does not have driver. [/home/overcookedlobster/Documents/School/VLSI/Local_Maxima_Pynq/Local_Maxima_Pynq.gen/sources_1/bd/design_1/ip/design_1_hdmi_in_0_2/src/dvi2rgb_0/src/dvi2rgb.vhd:105]
WARNING: [Synth 8-7129] Port SDA_O in module dvi2rgb is either unconnected or has no load
WARNING: [Synth 8-7129] Port SDA_T in module dvi2rgb is either unconnected or has no load
WARNING: [Synth 8-7129] Port SCL_O in module dvi2rgb is either unconnected or has no load
WARNING: [Synth 8-7129] Port SCL_T in module dvi2rgb is either unconnected or has no load
WARNING: [Synth 8-7129] Port aRst in module dvi2rgb is either unconnected or has no load
WARNING: [Synth 8-7129] Port SDA_I in module dvi2rgb is either unconnected or has no load
WARNING: [Synth 8-7129] Port SCL_I in module dvi2rgb is either unconnected or has no load
WARNING: [Synth 8-7129] Port pRst in module dvi2rgb is either unconnected or has no load
---------------------------------------------------------------------------------
Finished RTL Elaboration : Time (s): cpu = 00:00:13 ; elapsed = 00:00:15 . Memory (MB): peak = 2306.285 ; gain = 663.582 ; free physical = 5947 ; free virtual = 48227
Synthesis current peak Physical Memory [PSS] (MB): peak = 1387.593; parent = 1253.327; children = 134.266
Synthesis current peak Virtual Memory [VSS] (MB): peak = 3334.738; parent = 2306.289; children = 1028.449
---------------------------------------------------------------------------------
---------------------------------------------------------------------------------
Start Handling Custom Attributes
---------------------------------------------------------------------------------
---------------------------------------------------------------------------------
Finished Handling Custom Attributes : Time (s): cpu = 00:00:13 ; elapsed = 00:00:15 . Memory (MB): peak = 2306.285 ; gain = 663.582 ; free physical = 5940 ; free virtual = 48219
Synthesis current peak Physical Memory [PSS] (MB): peak = 1387.593; parent = 1253.327; children = 134.266
Synthesis current peak Virtual Memory [VSS] (MB): peak = 3334.738; parent = 2306.289; children = 1028.449
---------------------------------------------------------------------------------
---------------------------------------------------------------------------------
Finished RTL Optimization Phase 1 : Time (s): cpu = 00:00:13 ; elapsed = 00:00:15 . Memory (MB): peak = 2306.285 ; gain = 663.582 ; free physical = 5930 ; free virtual = 48209
Synthesis current peak Physical Memory [PSS] (MB): peak = 1387.593; parent = 1253.327; children = 134.266
Synthesis current peak Virtual Memory [VSS] (MB): peak = 3334.738; parent = 2306.289; children = 1028.449
---------------------------------------------------------------------------------
Netlist sorting complete. Time (s): cpu = 00:00:00.05 ; elapsed = 00:00:00.06 . Memory (MB): peak = 2306.285 ; gain = 0.000 ; free physical = 5947 ; free virtual = 48229
INFO: [Netlist 29-17] Analyzing 15 Unisim elements for replacement
INFO: [Netlist 29-28] Unisim Transformation completed in 0 CPU seconds
INFO: [Project 1-570] Preparing netlist for logic optimization

Processing XDC Constraints
Initializing timing engine
CRITICAL WARNING: [Designutils 20-1280] Could not find module 'ila_refclk'. The XDC file /home/overcookedlobster/Documents/School/VLSI/Local_Maxima_Pynq/Local_Maxima_Pynq.gen/sources_1/bd/design_1/ip/design_1_hdmi_in_0_2/src/dvi2rgb_0/src/ila_refclk/ila_v6_2/constraints/ila.xdc will not be read for any cell of this module.
CRITICAL WARNING: [Designutils 20-1280] Could not find module 'ila_pixclk'. The XDC file /home/overcookedlobster/Documents/School/VLSI/Local_Maxima_Pynq/Local_Maxima_Pynq.gen/sources_1/bd/design_1/ip/design_1_hdmi_in_0_2/src/dvi2rgb_0/src/ila_pixclk/ila_v6_2/constraints/ila.xdc will not be read for any cell of this module.
Parsing XDC File [/home/overcookedlobster/Documents/School/VLSI/Local_Maxima_Pynq/Local_Maxima_Pynq.gen/sources_1/bd/design_1/ip/design_1_hdmi_in_0_2/src/dvi2rgb_0/src/dvi2rgb.xdc] for cell 'inst/dvi2rgb_0_0/U0'
Finished Parsing XDC File [/home/overcookedlobster/Documents/School/VLSI/Local_Maxima_Pynq/Local_Maxima_Pynq.gen/sources_1/bd/design_1/ip/design_1_hdmi_in_0_2/src/dvi2rgb_0/src/dvi2rgb.xdc] for cell 'inst/dvi2rgb_0_0/U0'
Parsing XDC File [/home/overcookedlobster/Documents/School/VLSI/Local_Maxima_Pynq/Local_Maxima_Pynq.runs/design_1_hdmi_in_0_2_synth_1/dont_touch.xdc]
Finished Parsing XDC File [/home/overcookedlobster/Documents/School/VLSI/Local_Maxima_Pynq/Local_Maxima_Pynq.runs/design_1_hdmi_in_0_2_synth_1/dont_touch.xdc]
INFO: [Project 1-236] Implementation specific constraints were found while reading constraint file [/home/overcookedlobster/Documents/School/VLSI/Local_Maxima_Pynq/Local_Maxima_Pynq.runs/design_1_hdmi_in_0_2_synth_1/dont_touch.xdc]. These constraints will be ignored for synthesis but will be used in implementation. Impacted constraints are listed in the file [.Xil/design_1_hdmi_in_0_2_propImpl.xdc].
Resolution: To avoid this warning, move constraints listed in [.Xil/design_1_hdmi_in_0_2_propImpl.xdc] to another XDC file and exclude this new file from synthesis with the used_in_synthesis property (File Properties dialog in GUI) and re-run elaboration/synthesis.
Parsing XDC File [/home/overcookedlobster/Documents/School/VLSI/Local_Maxima_Pynq/Local_Maxima_Pynq.gen/sources_1/bd/design_1/ip/design_1_hdmi_in_0_2/src/dvi2rgb_0/src/ila_timing_workaround.xdc] for cell 'inst/dvi2rgb_0_0/U0'
WARNING: [Vivado 12-508] No pins matched 'get_pins -hierarchical -filter { NAME =~  "*ila_core_inst/u_ila_cap_ctrl/u_cap_addrgen/u_cap_window_counter/u_wcnt_lcmp/allx_typeA_match_detection.ltlib_v1_0_0_allx_typeA_inst/DUT/I_WHOLE_SLICE.G_SLICE_IDX[*].U_ALL_SRL_SLICE/u_srl*/S*/CLK*"}'. [/home/overcookedlobster/Documents/School/VLSI/Local_Maxima_Pynq/Local_Maxima_Pynq.gen/sources_1/bd/design_1/ip/design_1_hdmi_in_0_2/src/dvi2rgb_0/src/ila_timing_workaround.xdc:10]
WARNING: [Vivado 12-180] No cells matched 'get_cells -hierarchical -filter { NAME =~  "*ila_core_inst/u_ila_cap_ctrl/u_cap_addrgen/u_cap_window_counter/u_wcnt_lcmp_q*" && IS_SEQUENTIAL }'. [/home/overcookedlobster/Documents/School/VLSI/Local_Maxima_Pynq/Local_Maxima_Pynq.gen/sources_1/bd/design_1/ip/design_1_hdmi_in_0_2/src/dvi2rgb_0/src/ila_timing_workaround.xdc:10]
CRITICAL WARNING: [Vivado 12-4739] set_false_path:No valid object(s) found for '-from [get_pins -hierarchical -filter { NAME =~  "*ila_core_inst/u_ila_cap_ctrl/u_cap_addrgen/u_cap_window_counter/u_wcnt_lcmp/allx_typeA_match_detection.ltlib_v1_0_0_allx_typeA_inst/DUT/I_WHOLE_SLICE.G_SLICE_IDX[*].U_ALL_SRL_SLICE/u_srl*/S*/CLK*"}]'. [/home/overcookedlobster/Documents/School/VLSI/Local_Maxima_Pynq/Local_Maxima_Pynq.gen/sources_1/bd/design_1/ip/design_1_hdmi_in_0_2/src/dvi2rgb_0/src/ila_timing_workaround.xdc:10]
Resolution: Check if the specified object(s) exists in the current design. If it does, ensure that the correct design hierarchy was specified for the object. If you are working with clocks, make sure create_clock was used to create the clock object before it is referenced.
WARNING: [Vivado 12-508] No pins matched 'get_pins -hierarchical -filter { NAME =~  "*ila_core_inst/u_ila_cap_ctrl/u_cap_addrgen/u_cap_window_counter/u_wcnt_hcmp/allx_typeA_match_detection.ltlib_v1_0_0_allx_typeA_inst/DUT/I_WHOLE_SLICE.G_SLICE_IDX[*].U_ALL_SRL_SLICE/u_srl*/S*/CLK*"}'. [/home/overcookedlobster/Documents/School/VLSI/Local_Maxima_Pynq/Local_Maxima_Pynq.gen/sources_1/bd/design_1/ip/design_1_hdmi_in_0_2/src/dvi2rgb_0/src/ila_timing_workaround.xdc:11]
WARNING: [Vivado 12-180] No cells matched 'get_cells -hierarchical -filter { NAME =~  "*ila_core_inst/u_ila_cap_ctrl/u_cap_addrgen/u_cap_window_counter/u_wcnt_hcmp_q*" && IS_SEQUENTIAL }'. [/home/overcookedlobster/Documents/School/VLSI/Local_Maxima_Pynq/Local_Maxima_Pynq.gen/sources_1/bd/design_1/ip/design_1_hdmi_in_0_2/src/dvi2rgb_0/src/ila_timing_workaround.xdc:11]
CRITICAL WARNING: [Vivado 12-4739] set_false_path:No valid object(s) found for '-from [get_pins -hierarchical -filter { NAME =~  "*ila_core_inst/u_ila_cap_ctrl/u_cap_addrgen/u_cap_window_counter/u_wcnt_hcmp/allx_typeA_match_detection.ltlib_v1_0_0_allx_typeA_inst/DUT/I_WHOLE_SLICE.G_SLICE_IDX[*].U_ALL_SRL_SLICE/u_srl*/S*/CLK*"}]'. [/home/overcookedlobster/Documents/School/VLSI/Local_Maxima_Pynq/Local_Maxima_Pynq.gen/sources_1/bd/design_1/ip/design_1_hdmi_in_0_2/src/dvi2rgb_0/src/ila_timing_workaround.xdc:11]
Resolution: Check if the specified object(s) exists in the current design. If it does, ensure that the correct design hierarchy was specified for the object. If you are working with clocks, make sure create_clock was used to create the clock object before it is referenced.
WARNING: [Vivado 12-508] No pins matched 'get_pins -hierarchical -filter { NAME =~  "*ila_core_inst/u_ila_cap_ctrl/u_cap_addrgen/u_cap_sample_counter/u_scnt_cmp/allx_typeA_match_detection.ltlib_v1_0_0_allx_typeA_inst/DUT/I_WHOLE_SLICE.G_SLICE_IDX[*].U_ALL_SRL_SLICE/u_srl*/S*/CLK*"}'. [/home/overcookedlobster/Documents/School/VLSI/Local_Maxima_Pynq/Local_Maxima_Pynq.gen/sources_1/bd/design_1/ip/design_1_hdmi_in_0_2/src/dvi2rgb_0/src/ila_timing_workaround.xdc:12]
WARNING: [Vivado 12-180] No cells matched 'get_cells -hierarchical -filter { NAME =~  "*ila_core_inst/u_ila_cap_ctrl/u_cap_addrgen/u_cap_sample_counter/u_scnt_cmp_q*" && IS_SEQUENTIAL }'. [/home/overcookedlobster/Documents/School/VLSI/Local_Maxima_Pynq/Local_Maxima_Pynq.gen/sources_1/bd/design_1/ip/design_1_hdmi_in_0_2/src/dvi2rgb_0/src/ila_timing_workaround.xdc:12]
CRITICAL WARNING: [Vivado 12-4739] set_false_path:No valid object(s) found for '-from [get_pins -hierarchical -filter { NAME =~  "*ila_core_inst/u_ila_cap_ctrl/u_cap_addrgen/u_cap_sample_counter/u_scnt_cmp/allx_typeA_match_detection.ltlib_v1_0_0_allx_typeA_inst/DUT/I_WHOLE_SLICE.G_SLICE_IDX[*].U_ALL_SRL_SLICE/u_srl*/S*/CLK*"}]'. [/home/overcookedlobster/Documents/School/VLSI/Local_Maxima_Pynq/Local_Maxima_Pynq.gen/sources_1/bd/design_1/ip/design_1_hdmi_in_0_2/src/dvi2rgb_0/src/ila_timing_workaround.xdc:12]
Resolution: Check if the specified object(s) exists in the current design. If it does, ensure that the correct design hierarchy was specified for the object. If you are working with clocks, make sure create_clock was used to create the clock object before it is referenced.
WARNING: [Vivado 12-508] No pins matched 'get_pins -hierarchical -filter { NAME =~  "*allx_typeA_match_detection.ltlib_v1_0_0_allx_typeA_inst/DUT/I_WHOLE_SLICE.G_SLICE_IDX[*].U_ALL_SRL_SLICE/u_srl*/S*/CLK"}'. [/home/overcookedlobster/Documents/School/VLSI/Local_Maxima_Pynq/Local_Maxima_Pynq.gen/sources_1/bd/design_1/ip/design_1_hdmi_in_0_2/src/dvi2rgb_0/src/ila_timing_workaround.xdc:13]
WARNING: [Vivado 12-508] No pins matched 'get_pins -hierarchical -filter {NAME =~  "*allx_typeA_match_detection.ltlib_v1_0_0_allx_typeA_inst/DUT/I_WHOLE_SLICE.G_SLICE_IDX[*].U_ALL_SRL_SLICE/I_IS_TERMINATION_SLICE_W_OUTPUT_REG.DOUT_O_reg/D"}'. [/home/overcookedlobster/Documents/School/VLSI/Local_Maxima_Pynq/Local_Maxima_Pynq.gen/sources_1/bd/design_1/ip/design_1_hdmi_in_0_2/src/dvi2rgb_0/src/ila_timing_workaround.xdc:13]
CRITICAL WARNING: [Vivado 12-4739] set_false_path:No valid object(s) found for '-from [get_pins -hierarchical -filter { NAME =~  "*allx_typeA_match_detection.ltlib_v1_0_0_allx_typeA_inst/DUT/I_WHOLE_SLICE.G_SLICE_IDX[*].U_ALL_SRL_SLICE/u_srl*/S*/CLK"}]'. [/home/overcookedlobster/Documents/School/VLSI/Local_Maxima_Pynq/Local_Maxima_Pynq.gen/sources_1/bd/design_1/ip/design_1_hdmi_in_0_2/src/dvi2rgb_0/src/ila_timing_workaround.xdc:13]
Resolution: Check if the specified object(s) exists in the current design. If it does, ensure that the correct design hierarchy was specified for the object. If you are working with clocks, make sure create_clock was used to create the clock object before it is referenced.
Finished Parsing XDC File [/home/overcookedlobster/Documents/School/VLSI/Local_Maxima_Pynq/Local_Maxima_Pynq.gen/sources_1/bd/design_1/ip/design_1_hdmi_in_0_2/src/dvi2rgb_0/src/ila_timing_workaround.xdc] for cell 'inst/dvi2rgb_0_0/U0'
Completed Processing XDC Constraints

Netlist sorting complete. Time (s): cpu = 00:00:00 ; elapsed = 00:00:00 . Memory (MB): peak = 2370.316 ; gain = 0.000 ; free physical = 5834 ; free virtual = 48127
INFO: [Project 1-111] Unisim Transformation Summary:
No Unisim elements were transformed.

Constraint Validation Runtime : Time (s): cpu = 00:00:00.22 ; elapsed = 00:00:00.12 . Memory (MB): peak = 2370.316 ; gain = 0.000 ; free physical = 5831 ; free virtual = 48125
INFO: [Designutils 20-5008] Incremental synthesis strategy off
---------------------------------------------------------------------------------
Finished Constraint Validation : Time (s): cpu = 00:00:20 ; elapsed = 00:00:22 . Memory (MB): peak = 2370.316 ; gain = 727.613 ; free physical = 6235 ; free virtual = 48561
Synthesis current peak Physical Memory [PSS] (MB): peak = 1387.593; parent = 1253.327; children = 135.984
Synthesis current peak Virtual Memory [VSS] (MB): peak = 3366.754; parent = 2338.305; children = 1028.449
---------------------------------------------------------------------------------
---------------------------------------------------------------------------------
Start Loading Part and Timing Information
---------------------------------------------------------------------------------
Loading part: xc7z020clg400-1
---------------------------------------------------------------------------------
Finished Loading Part and Timing Information : Time (s): cpu = 00:00:20 ; elapsed = 00:00:22 . Memory (MB): peak = 2370.316 ; gain = 727.613 ; free physical = 6245 ; free virtual = 48570
Synthesis current peak Physical Memory [PSS] (MB): peak = 1387.593; parent = 1253.327; children = 135.984
Synthesis current peak Virtual Memory [VSS] (MB): peak = 3366.754; parent = 2338.305; children = 1028.449
---------------------------------------------------------------------------------
---------------------------------------------------------------------------------
Start Applying 'set_property' XDC Constraints
---------------------------------------------------------------------------------
Applied set_property KEEP_HIERARCHY = SOFT for inst/dvi2rgb_0_0/U0. (constraint file  /home/overcookedlobster/Documents/School/VLSI/Local_Maxima_Pynq/Local_Maxima_Pynq.runs/design_1_hdmi_in_0_2_synth_1/dont_touch.xdc, line 22).
Applied set_property KEEP_HIERARCHY = SOFT for inst/dvi2rgb_0_0. (constraint file  auto generated constraint).
---------------------------------------------------------------------------------
Finished applying 'set_property' XDC Constraints : Time (s): cpu = 00:00:20 ; elapsed = 00:00:22 . Memory (MB): peak = 2370.316 ; gain = 727.613 ; free physical = 6228 ; free virtual = 48554
Synthesis current peak Physical Memory [PSS] (MB): peak = 1387.593; parent = 1253.327; children = 135.984
Synthesis current peak Virtual Memory [VSS] (MB): peak = 3366.754; parent = 2338.305; children = 1028.449
---------------------------------------------------------------------------------
INFO: [Synth 8-802] inferred FSM for state register 'pState_reg' in module 'PhaseAlign'
---------------------------------------------------------------------------------------------------
                   State |                     New Encoding |                Previous Encoding 
---------------------------------------------------------------------------------------------------
*
                 resetst |                      00000000001 |                      00000000001
                  idlest |                      00000000010 |                      00000000010
                 tokenst |                      00000000100 |                      00000000100
               eyeopenst |                      00000001000 |                      00000001000
               jtrzonest |                      00000010000 |                      00000010000
                dlydecst |                      00010000000 |                      00010000000
          dlytstcenterst |                      00100000000 |                      00100000000
               alignedst |                      01000000000 |                      01000000000
                dlyincst |                      00000100000 |                      00000100000
             dlytstovfst |                      00001000000 |                      00001000000
            alignerrorst |                      10000000000 |                      10000000000
---------------------------------------------------------------------------------------------------
INFO: [Synth 8-3898] No Re-encoding of one hot register 'pState_reg' in module 'PhaseAlign'
---------------------------------------------------------------------------------
Finished RTL Optimization Phase 2 : Time (s): cpu = 00:00:21 ; elapsed = 00:00:23 . Memory (MB): peak = 2370.316 ; gain = 727.613 ; free physical = 6233 ; free virtual = 48555
Synthesis current peak Physical Memory [PSS] (MB): peak = 1387.593; parent = 1253.327; children = 135.984
Synthesis current peak Virtual Memory [VSS] (MB): peak = 3366.754; parent = 2338.305; children = 1028.449
---------------------------------------------------------------------------------
---------------------------------------------------------------------------------
Start RTL Component Statistics 
---------------------------------------------------------------------------------
---------------------------------------------------------------------------------
Finished RTL Component Statistics 
---------------------------------------------------------------------------------
---------------------------------------------------------------------------------
Start Part Resource Summary
---------------------------------------------------------------------------------
Part Resources:
DSPs: 220 (col length:60)
BRAMs: 280 (col length: RAMB18 60 RAMB36 30)
---------------------------------------------------------------------------------
Finished Part Resource Summary
---------------------------------------------------------------------------------
---------------------------------------------------------------------------------
Start Cross Boundary and Area Optimization
---------------------------------------------------------------------------------
WARNING: [Synth 8-7080] Parallel synthesis criteria is not met
WARNING: [Synth 8-7129] Port SDA_O in module dvi2rgb is either unconnected or has no load
WARNING: [Synth 8-7129] Port SDA_T in module dvi2rgb is either unconnected or has no load
WARNING: [Synth 8-7129] Port SCL_O in module dvi2rgb is either unconnected or has no load
WARNING: [Synth 8-7129] Port SCL_T in module dvi2rgb is either unconnected or has no load
WARNING: [Synth 8-7129] Port aRst in module dvi2rgb is either unconnected or has no load
WARNING: [Synth 8-7129] Port SDA_I in module dvi2rgb is either unconnected or has no load
WARNING: [Synth 8-7129] Port SCL_I in module dvi2rgb is either unconnected or has no load
WARNING: [Synth 8-7129] Port pRst in module dvi2rgb is either unconnected or has no load
---------------------------------------------------------------------------------
Finished Cross Boundary and Area Optimization : Time (s): cpu = 00:00:23 ; elapsed = 00:00:26 . Memory (MB): peak = 2370.316 ; gain = 727.613 ; free physical = 7220 ; free virtual = 49578
Synthesis current peak Physical Memory [PSS] (MB): peak = 1387.593; parent = 1253.327; children = 140.407
Synthesis current peak Virtual Memory [VSS] (MB): peak = 3374.762; parent = 2346.312; children = 1028.449
---------------------------------------------------------------------------------
---------------------------------------------------------------------------------
Start Applying XDC Timing Constraints
---------------------------------------------------------------------------------
---------------------------------------------------------------------------------
Finished Applying XDC Timing Constraints : Time (s): cpu = 00:00:28 ; elapsed = 00:00:30 . Memory (MB): peak = 2370.316 ; gain = 727.613 ; free physical = 8211 ; free virtual = 50373
Synthesis current peak Physical Memory [PSS] (MB): peak = 1387.593; parent = 1253.327; children = 142.664
Synthesis current peak Virtual Memory [VSS] (MB): peak = 3374.762; parent = 2346.312; children = 1028.449
---------------------------------------------------------------------------------
---------------------------------------------------------------------------------
Start Timing Optimization
---------------------------------------------------------------------------------
---------------------------------------------------------------------------------
Finished Timing Optimization : Time (s): cpu = 00:00:28 ; elapsed = 00:00:31 . Memory (MB): peak = 2370.316 ; gain = 727.613 ; free physical = 8249 ; free virtual = 50411
Synthesis current peak Physical Memory [PSS] (MB): peak = 1387.593; parent = 1253.327; children = 145.690
Synthesis current peak Virtual Memory [VSS] (MB): peak = 3374.762; parent = 2346.312; children = 1028.449
---------------------------------------------------------------------------------
---------------------------------------------------------------------------------
Start Technology Mapping
---------------------------------------------------------------------------------
---------------------------------------------------------------------------------
Finished Technology Mapping : Time (s): cpu = 00:00:29 ; elapsed = 00:00:32 . Memory (MB): peak = 2370.316 ; gain = 727.613 ; free physical = 8543 ; free virtual = 50714
Synthesis current peak Physical Memory [PSS] (MB): peak = 1387.593; parent = 1253.327; children = 145.690
Synthesis current peak Virtual Memory [VSS] (MB): peak = 3374.762; parent = 2346.312; children = 1028.449
---------------------------------------------------------------------------------
---------------------------------------------------------------------------------
Start IO Insertion
---------------------------------------------------------------------------------
---------------------------------------------------------------------------------
Start Flattening Before IO Insertion
---------------------------------------------------------------------------------
---------------------------------------------------------------------------------
Finished Flattening Before IO Insertion
---------------------------------------------------------------------------------
---------------------------------------------------------------------------------
Start Final Netlist Cleanup
---------------------------------------------------------------------------------
---------------------------------------------------------------------------------
Finished Final Netlist Cleanup
---------------------------------------------------------------------------------
---------------------------------------------------------------------------------
Finished IO Insertion : Time (s): cpu = 00:00:32 ; elapsed = 00:00:35 . Memory (MB): peak = 2370.316 ; gain = 727.613 ; free physical = 7764 ; free virtual = 49901
Synthesis current peak Physical Memory [PSS] (MB): peak = 1387.593; parent = 1253.327; children = 145.690
Synthesis current peak Virtual Memory [VSS] (MB): peak = 3374.762; parent = 2346.312; children = 1028.449
---------------------------------------------------------------------------------
---------------------------------------------------------------------------------
Start Renaming Generated Instances
---------------------------------------------------------------------------------
---------------------------------------------------------------------------------
Finished Renaming Generated Instances : Time (s): cpu = 00:00:32 ; elapsed = 00:00:35 . Memory (MB): peak = 2370.316 ; gain = 727.613 ; free physical = 7761 ; free virtual = 49898
Synthesis current peak Physical Memory [PSS] (MB): peak = 1387.593; parent = 1253.327; children = 145.690
Synthesis current peak Virtual Memory [VSS] (MB): peak = 3374.762; parent = 2346.312; children = 1028.449
---------------------------------------------------------------------------------
---------------------------------------------------------------------------------
Start Rebuilding User Hierarchy
---------------------------------------------------------------------------------
---------------------------------------------------------------------------------
Finished Rebuilding User Hierarchy : Time (s): cpu = 00:00:33 ; elapsed = 00:00:35 . Memory (MB): peak = 2370.316 ; gain = 727.613 ; free physical = 7714 ; free virtual = 49851
Synthesis current peak Physical Memory [PSS] (MB): peak = 1387.593; parent = 1253.327; children = 145.690
Synthesis current peak Virtual Memory [VSS] (MB): peak = 3374.762; parent = 2346.312; children = 1028.449
---------------------------------------------------------------------------------
---------------------------------------------------------------------------------
Start Renaming Generated Ports
---------------------------------------------------------------------------------
---------------------------------------------------------------------------------
Finished Renaming Generated Ports : Time (s): cpu = 00:00:33 ; elapsed = 00:00:35 . Memory (MB): peak = 2370.316 ; gain = 727.613 ; free physical = 7700 ; free virtual = 49836
Synthesis current peak Physical Memory [PSS] (MB): peak = 1387.593; parent = 1253.327; children = 145.690
Synthesis current peak Virtual Memory [VSS] (MB): peak = 3374.762; parent = 2346.312; children = 1028.449
---------------------------------------------------------------------------------
---------------------------------------------------------------------------------
Start Handling Custom Attributes
---------------------------------------------------------------------------------
---------------------------------------------------------------------------------
Finished Handling Custom Attributes : Time (s): cpu = 00:00:33 ; elapsed = 00:00:35 . Memory (MB): peak = 2370.316 ; gain = 727.613 ; free physical = 7665 ; free virtual = 49801
Synthesis current peak Physical Memory [PSS] (MB): peak = 1387.593; parent = 1253.327; children = 145.690
Synthesis current peak Virtual Memory [VSS] (MB): peak = 3374.762; parent = 2346.312; children = 1028.449
---------------------------------------------------------------------------------
---------------------------------------------------------------------------------
Start Renaming Generated Nets
---------------------------------------------------------------------------------
---------------------------------------------------------------------------------
Finished Renaming Generated Nets : Time (s): cpu = 00:00:33 ; elapsed = 00:00:36 . Memory (MB): peak = 2370.316 ; gain = 727.613 ; free physical = 7652 ; free virtual = 49788
Synthesis current peak Physical Memory [PSS] (MB): peak = 1387.593; parent = 1253.327; children = 145.690
Synthesis current peak Virtual Memory [VSS] (MB): peak = 3374.762; parent = 2346.312; children = 1028.449
---------------------------------------------------------------------------------
---------------------------------------------------------------------------------
Start Writing Synthesis Report
---------------------------------------------------------------------------------

Report BlackBoxes: 
+-+--------------+----------+
| |BlackBox name |Instances |
+-+--------------+----------+
+-+--------------+----------+

Report Cell Usage: 
+------+-----------+------+
|      |Cell       |Count |
+------+-----------+------+
|1     |BUFG       |     1|
|2     |BUFIO      |     1|
|3     |BUFR       |     1|
|4     |CARRY4     |    21|
|5     |IDELAYCTRL |     1|
|6     |IDELAYE2   |     3|
|7     |ISERDESE2  |     6|
|9     |LUT1       |    26|
|10    |LUT2       |    55|
|11    |LUT3       |    71|
|12    |LUT4       |    70|
|13    |LUT5       |   104|
|14    |LUT6       |   108|
|15    |MMCME2_ADV |     1|
|16    |RAM32M     |     6|
|17    |FDCE       |    12|
|18    |FDPE       |    20|
|19    |FDRE       |  4258|
|20    |FDSE       |     8|
|21    |IBUFDS     |     4|
+------+-----------+------+
---------------------------------------------------------------------------------
Finished Writing Synthesis Report : Time (s): cpu = 00:00:33 ; elapsed = 00:00:36 . Memory (MB): peak = 2370.316 ; gain = 727.613 ; free physical = 7638 ; free virtual = 49775
Synthesis current peak Physical Memory [PSS] (MB): peak = 1387.593; parent = 1253.327; children = 145.690
Synthesis current peak Virtual Memory [VSS] (MB): peak = 3374.762; parent = 2346.312; children = 1028.449
---------------------------------------------------------------------------------
Synthesis finished with 0 errors, 0 critical warnings and 9 warnings.
Synthesis Optimization Runtime : Time (s): cpu = 00:00:30 ; elapsed = 00:00:33 . Memory (MB): peak = 2370.316 ; gain = 663.582 ; free physical = 7886 ; free virtual = 50022
Synthesis Optimization Complete : Time (s): cpu = 00:00:33 ; elapsed = 00:00:36 . Memory (MB): peak = 2370.316 ; gain = 727.613 ; free physical = 7982 ; free virtual = 50118
INFO: [Project 1-571] Translating synthesized netlist
Netlist sorting complete. Time (s): cpu = 00:00:00.04 ; elapsed = 00:00:00.04 . Memory (MB): peak = 2370.316 ; gain = 0.000 ; free physical = 9489 ; free virtual = 51626
INFO: [Netlist 29-17] Analyzing 42 Unisim elements for replacement
INFO: [Netlist 29-28] Unisim Transformation completed in 0 CPU seconds
INFO: [Project 1-570] Preparing netlist for logic optimization
INFO: [Opt 31-138] Pushed 1 inverter(s) to 6 load pin(s).
Netlist sorting complete. Time (s): cpu = 00:00:00 ; elapsed = 00:00:00 . Memory (MB): peak = 2370.320 ; gain = 0.000 ; free physical = 9045 ; free virtual = 51181
INFO: [Project 1-111] Unisim Transformation Summary:
  A total of 6 instances were transformed.
  RAM32M => RAM32M (RAMD32(x6), RAMS32(x2)): 6 instances

Synth Design complete, checksum: 1113e7e3
INFO: [Common 17-83] Releasing license: Synthesis
179 Infos, 51 Warnings, 6 Critical Warnings and 0 Errors encountered.
synth_design completed successfully
synth_design: Time (s): cpu = 00:00:41 ; elapsed = 00:00:41 . Memory (MB): peak = 2370.320 ; gain = 1040.242 ; free physical = 9344 ; free virtual = 51480
INFO: [Common 17-600] The following parameters have non-default value.
tcl.collectionResultDisplayLimit
INFO: [Common 17-1381] The checkpoint '/home/overcookedlobster/Documents/School/VLSI/Local_Maxima_Pynq/Local_Maxima_Pynq.runs/design_1_hdmi_in_0_2_synth_1/design_1_hdmi_in_0_2.dcp' has been generated.
INFO: [runtcl-6] Synthesis results are not added to the cache due to CRITICAL_WARNING
INFO: [Coretcl 2-1174] Renamed 41 cell refs.
INFO: [Common 17-1381] The checkpoint '/home/overcookedlobster/Documents/School/VLSI/Local_Maxima_Pynq/Local_Maxima_Pynq.runs/design_1_hdmi_in_0_2_synth_1/design_1_hdmi_in_0_2.dcp' has been generated.
INFO: [runtcl-4] Executing : report_utilization -file design_1_hdmi_in_0_2_utilization_synth.rpt -pb design_1_hdmi_in_0_2_utilization_synth.pb
INFO: [Common 17-206] Exiting Vivado at Sun Jan 29 20:30:25 2023...
